2022-08-23 22:47:21,334 [INFO] Activator:177 - 


2022-08-23 22:47:21,334 [INFO] Activator:178 - !SESSION log4j initialized
2022-08-23 22:47:22,984 [ERROR] LogOutputStream:74 - [STDERR_REDIRECT] 
2022-08-23 22:47:37,218 [INFO] McuFinderGlobals:44 - Set McuFinder mode to 2 (CubeIDE integrated)
2022-08-23 22:47:37,316 [INFO] ApplicationProperties:181 - Using Application install path: /Applications/STM32CubeIDE.app/Contents/Eclipse/plugins/com.st.stm32cube.common.mx_6.6.1.202207061420
2022-08-23 22:47:37,329 [INFO] DbMcusXml:77 - Set database path to: /Applications/STM32CubeIDE.app/Contents/Eclipse/plugins/com.st.stm32cube.common.mx_6.6.1.202207061420//db//mcu/
2022-08-23 22:47:37,330 [INFO] ApiDb:269 - Set plugin database path to: /Applications/STM32CubeIDE.app/Contents/Eclipse/plugins/com.st.stm32cube.common.mx_6.6.1.202207061420//db//plugins/boardmanager/
2022-08-23 22:47:37,333 [WARN] ApiDb:254 - Overriding images path with different value:  => /Applications/STM32CubeIDE.app/Contents/Eclipse/plugins/com.st.stm32cube.common.mx_6.6.1.202207061420//db//plugins/mcufinder/images/
2022-08-23 22:47:37,359 [INFO] ApiDb:249 - Set database path to: /Users/anemiq/.stmcufinder/plugins/mcufinder//mcu/
2022-08-23 22:47:37,361 [INFO] DbMcusAds:124 - Set database path to: /Users/anemiq/.stmcufinder/plugins/mcufinder//mcu/
2022-08-23 22:47:37,367 [INFO] CrossReferenceDbSqlite:201 - Set database path to: /Users/anemiq/.stmcufinder/plugins/mcufinder//mcu/cs/
2022-08-23 22:47:37,481 [INFO] RulesReader:61 - Compatibility file has been processed (282 Rules)
2022-08-23 22:47:37,552 [INFO] DbMcusXml:77 - Set database path to: /Applications/STM32CubeIDE.app/Contents/Eclipse/plugins/com.st.stm32cube.common.mx_6.6.1.202207061420//db//mcu/
2022-08-23 22:47:37,552 [INFO] ApiDb:269 - Set plugin database path to: /Applications/STM32CubeIDE.app/Contents/Eclipse/plugins/com.st.stm32cube.common.mx_6.6.1.202207061420//db//plugins/boardmanager/
2022-08-23 22:47:37,553 [INFO] ApiDb:256 - Set plugin images path to: /Applications/STM32CubeIDE.app/Contents/Eclipse/plugins/com.st.stm32cube.common.mx_6.6.1.202207061420//db//plugins/mcufinder/images/
2022-08-23 22:47:37,553 [WARN] DbFile:40 - Overriding database path with different value: /Users/anemiq/.stmcufinder/plugins/mcufinder/ => /Users/anemiq/.stmcufinder/plugins/mcufinder
2022-08-23 22:47:37,553 [INFO] ApiDb:249 - Set database path to: /Users/anemiq/.stmcufinder/plugins/mcufinder//mcu/
2022-08-23 22:47:37,553 [WARN] DbFile:40 - Overriding database path with different value: /Users/anemiq/.stmcufinder/plugins/mcufinder/ => /Users/anemiq/.stmcufinder/plugins/mcufinder
2022-08-23 22:47:37,554 [INFO] DbMcusAds:124 - Set database path to: /Users/anemiq/.stmcufinder/plugins/mcufinder//mcu/
2022-08-23 22:47:37,555 [WARN] DbFile:40 - Overriding database path with different value: /Users/anemiq/.stmcufinder/plugins/mcufinder/ => /Users/anemiq/.stmcufinder/plugins/mcufinder
2022-08-23 22:47:37,555 [WARN] DbFile:40 - Overriding database path with different value: /Users/anemiq/.stmcufinder/plugins/mcufinder/ => /Users/anemiq/.stmcufinder/plugins/mcufinder
2022-08-23 22:47:37,555 [INFO] CrossReferenceDbSqlite:201 - Set database path to: /Users/anemiq/.stmcufinder/plugins/mcufinder//mcu/cs/
2022-08-23 22:47:37,628 [INFO] MainPanel:242 - HeapMemory: 268435456
2022-08-23 22:47:37,700 [INFO] DbMcusXml:77 - Set database path to: /Applications/STM32CubeIDE.app/Contents/Eclipse/plugins/com.st.stm32cube.common.mx_6.6.1.202207061420//db//mcu/
2022-08-23 22:47:37,700 [INFO] ApiDb:269 - Set plugin database path to: /Applications/STM32CubeIDE.app/Contents/Eclipse/plugins/com.st.stm32cube.common.mx_6.6.1.202207061420//db//plugins/boardmanager/
2022-08-23 22:47:37,700 [INFO] ApiDb:256 - Set plugin images path to: /Applications/STM32CubeIDE.app/Contents/Eclipse/plugins/com.st.stm32cube.common.mx_6.6.1.202207061420//db//plugins/mcufinder/images/
2022-08-23 22:47:37,701 [WARN] DbFile:40 - Overriding database path with different value: /Users/anemiq/.stmcufinder/plugins/mcufinder/ => /Users/anemiq/.stmcufinder/plugins/mcufinder
2022-08-23 22:47:37,701 [INFO] ApiDb:249 - Set database path to: /Users/anemiq/.stmcufinder/plugins/mcufinder//mcu/
2022-08-23 22:47:37,701 [WARN] DbFile:40 - Overriding database path with different value: /Users/anemiq/.stmcufinder/plugins/mcufinder/ => /Users/anemiq/.stmcufinder/plugins/mcufinder
2022-08-23 22:47:37,701 [INFO] DbMcusAds:124 - Set database path to: /Users/anemiq/.stmcufinder/plugins/mcufinder//mcu/
2022-08-23 22:47:37,701 [WARN] DbFile:40 - Overriding database path with different value: /Users/anemiq/.stmcufinder/plugins/mcufinder/ => /Users/anemiq/.stmcufinder/plugins/mcufinder
2022-08-23 22:47:37,702 [WARN] DbFile:40 - Overriding database path with different value: /Users/anemiq/.stmcufinder/plugins/mcufinder/ => /Users/anemiq/.stmcufinder/plugins/mcufinder
2022-08-23 22:47:37,702 [INFO] CrossReferenceDbSqlite:201 - Set database path to: /Users/anemiq/.stmcufinder/plugins/mcufinder//mcu/cs/
2022-08-23 22:47:37,722 [INFO] ApplicationProperties:181 - Using Application install path: /Applications/STM32CubeIDE.app/Contents/Eclipse/plugins/com.st.stm32cube.common.mx_6.6.1.202207061420
2022-08-23 22:47:37,723 [INFO] PluginManage:193 - Search for loadable plugins [exclusion list=, ]
2022-08-23 22:47:37,725 [INFO] PluginManage:307 - Check plugin analytics
2022-08-23 22:47:37,943 [INFO] AnalyticsPlugin:262 - Accepted Software Licenses: 
2022-08-23 22:47:37,948 [INFO] AnalyticsPlugin:264 - Accepted CMSIS Pack Licenses: 
2022-08-23 22:47:37,949 [INFO] AnalyticsPlugin:266 - Accepted Firmware Licenses: 
2022-08-23 22:47:37,974 [INFO] PluginManage:356 - Loaded plugin analytics (category:tool,tabindex:-1)
2022-08-23 22:47:37,974 [INFO] PluginManage:307 - Check plugin cadmodel
2022-08-23 22:47:37,985 [INFO] CADModel:65 - Init CAD model plugin
2022-08-23 22:47:37,985 [INFO] PluginManage:356 - Loaded plugin cadmodel (category:power,tabindex:5)
2022-08-23 22:47:37,986 [INFO] PluginManage:307 - Check plugin clock
2022-08-23 22:47:37,996 [INFO] PluginManage:356 - Loaded plugin clock (category:base,tabindex:2)
2022-08-23 22:47:37,997 [INFO] PluginManage:307 - Check plugin ddr
2022-08-23 22:47:38,000 [INFO] PluginManage:356 - Loaded plugin ddr (category:tool,tabindex:6)
2022-08-23 22:47:38,000 [INFO] PluginManage:307 - Check plugin filemanager
2022-08-23 22:47:38,124 [INFO] PluginManage:356 - Loaded plugin filemanager (category:base,tabindex:10)
2022-08-23 22:47:38,125 [INFO] PluginManage:307 - Check plugin ipmanager
2022-08-23 22:47:38,133 [INFO] PluginManage:356 - Loaded plugin ipmanager (category:base,tabindex:5)
2022-08-23 22:47:38,133 [INFO] PluginManage:307 - Check plugin lpbam
2022-08-23 22:47:38,140 [INFO] PluginManage:356 - Loaded plugin lpbam (category:base,tabindex:0)
2022-08-23 22:47:38,140 [INFO] PluginManage:307 - Check plugin pinoutandconfiguration
2022-08-23 22:47:38,145 [INFO] PluginManage:356 - Loaded plugin pinoutandconfiguration (category:base,tabindex:1)
2022-08-23 22:47:38,146 [INFO] PluginManage:307 - Check plugin pinoutconfig
2022-08-23 22:47:38,186 [INFO] PluginManage:356 - Loaded plugin pinoutconfig (category:base,tabindex:0)
2022-08-23 22:47:38,188 [INFO] PluginManage:307 - Check plugin power
2022-08-23 22:47:38,201 [INFO] PluginManage:356 - Loaded plugin power (category:power,tabindex:4)
2022-08-23 22:47:38,201 [INFO] PluginManage:307 - Check plugin projectmanager
2022-08-23 22:47:38,228 [INFO] PluginManage:356 - Loaded plugin projectmanager (category:projectmanager,tabindex:3)
2022-08-23 22:47:38,229 [INFO] PluginManage:307 - Check plugin thirdparty
2022-08-23 22:47:38,371 [WARN] IntegrityCheckThread:82 - waiting for thirdparty lock release [integrity check]
2022-08-23 22:47:38,373 [INFO] IntegrityCheckThread:84 - entering critical section [integrity check]
2022-08-23 22:47:38,373 [INFO] PluginManage:356 - Loaded plugin thirdparty (category:base,tabindex:-1)
2022-08-23 22:47:38,373 [INFO] PluginManage:307 - Check plugin tools
2022-08-23 22:47:38,378 [INFO] PluginManage:356 - Loaded plugin tools (category:base,tabindex:7)
2022-08-23 22:47:38,379 [INFO] PluginManage:307 - Check plugin tutovideos
2022-08-23 22:47:38,380 [INFO] ThirdPartyUpdaterWithRetryManager:70 - Updater plugin not ready yet. [1/15]
2022-08-23 22:47:38,567 [INFO] PluginManage:356 - Loaded plugin tutovideos (category:base,tabindex:-1)
2022-08-23 22:47:38,567 [INFO] PluginManage:307 - Check plugin updater
2022-08-23 22:47:38,585 [INFO] PluginManage:356 - Loaded plugin updater (category:base,tabindex:12)
2022-08-23 22:47:38,586 [INFO] PluginManage:280 - PluginManage : Loaded plugins [15]
2022-08-23 22:47:38,981 [INFO] PinOutPanel:1468 - setPackage(No Configuration,No Configuration)
2022-08-23 22:47:39,045 [INFO] CADModel:98 - CPN selected for project level
2022-08-23 22:47:39,055 [INFO] IPUIPlugin:79 - create IPUIPlugin
2022-08-23 22:47:39,055 [INFO] PluginManager:217 - loadIPPluginJar : add mdma
2022-08-23 22:47:39,061 [INFO] IPUIPlugin:79 - create IPUIPlugin
2022-08-23 22:47:39,061 [INFO] PluginManager:217 - loadIPPluginJar : add freertos
2022-08-23 22:47:39,065 [INFO] IPUIPlugin:79 - create IPUIPlugin
2022-08-23 22:47:39,066 [INFO] PluginManager:217 - loadIPPluginJar : add gic
2022-08-23 22:47:39,072 [INFO] IPUIPlugin:79 - create IPUIPlugin
2022-08-23 22:47:39,072 [INFO] PluginManager:217 - loadIPPluginJar : add adc
2022-08-23 22:47:39,074 [INFO] IPUIPlugin:79 - create IPUIPlugin
2022-08-23 22:47:39,074 [INFO] PluginManager:217 - loadIPPluginJar : add gtzc
2022-08-23 22:47:39,074 [INFO] IPUIPlugin:79 - create IPUIPlugin
2022-08-23 22:47:39,075 [INFO] PluginManager:217 - loadIPPluginJar : add quadspi
2022-08-23 22:47:39,076 [INFO] IPUIPlugin:79 - create IPUIPlugin
2022-08-23 22:47:39,076 [INFO] PluginManager:217 - loadIPPluginJar : add aes
2022-08-23 22:47:39,077 [INFO] IPUIPlugin:79 - create IPUIPlugin
2022-08-23 22:47:39,077 [INFO] PluginManager:217 - loadIPPluginJar : add pdm2pcm
2022-08-23 22:47:39,078 [INFO] IPUIPlugin:79 - create IPUIPlugin
2022-08-23 22:47:39,078 [INFO] PluginManager:217 - loadIPPluginJar : add hash
2022-08-23 22:47:39,079 [INFO] IPUIPlugin:79 - create IPUIPlugin
2022-08-23 22:47:39,079 [INFO] PluginManager:217 - loadIPPluginJar : add tim
2022-08-23 22:47:39,080 [INFO] IPUIPlugin:79 - create IPUIPlugin
2022-08-23 22:47:39,080 [INFO] PluginManager:217 - loadIPPluginJar : add tsc
2022-08-23 22:47:39,082 [INFO] IPUIPlugin:79 - create IPUIPlugin
2022-08-23 22:47:39,082 [INFO] PluginManager:217 - loadIPPluginJar : add ts
2022-08-23 22:47:39,084 [INFO] IPUIPlugin:79 - create IPUIPlugin
2022-08-23 22:47:39,084 [INFO] PluginManager:217 - loadIPPluginJar : add can
2022-08-23 22:47:39,086 [INFO] IPUIPlugin:79 - create IPUIPlugin
2022-08-23 22:47:39,086 [INFO] PluginManager:217 - loadIPPluginJar : add dma3
2022-08-23 22:47:39,087 [INFO] IPUIPlugin:79 - create IPUIPlugin
2022-08-23 22:47:39,088 [INFO] PluginManager:217 - loadIPPluginJar : add dfsdm
2022-08-23 22:47:39,089 [INFO] IPUIPlugin:79 - create IPUIPlugin
2022-08-23 22:47:39,089 [INFO] PluginManager:217 - loadIPPluginJar : add spi
2022-08-23 22:47:39,090 [INFO] IPUIPlugin:79 - create IPUIPlugin
2022-08-23 22:47:39,090 [INFO] PluginManager:217 - loadIPPluginJar : add gfxmmu
2022-08-23 22:47:39,090 [INFO] IPUIPlugin:79 - create IPUIPlugin
2022-08-23 22:47:39,090 [INFO] PluginManager:217 - loadIPPluginJar : add genericplugin
2022-08-23 22:47:39,092 [INFO] IPUIPlugin:79 - create IPUIPlugin
2022-08-23 22:47:39,097 [INFO] PluginManager:217 - loadIPPluginJar : add cryp
2022-08-23 22:47:39,100 [INFO] IPUIPlugin:79 - create IPUIPlugin
2022-08-23 22:47:39,101 [INFO] PluginManager:217 - loadIPPluginJar : add gpio
2022-08-23 22:47:39,101 [INFO] IPUIPlugin:79 - create IPUIPlugin
2022-08-23 22:47:39,102 [INFO] PluginManager:217 - loadIPPluginJar : add comp
2022-08-23 22:47:39,103 [INFO] IPUIPlugin:79 - create IPUIPlugin
2022-08-23 22:47:39,103 [INFO] PluginManager:217 - loadIPPluginJar : add tracer_emb
2022-08-23 22:47:39,104 [INFO] IPUIPlugin:79 - create IPUIPlugin
2022-08-23 22:47:39,104 [INFO] PluginManager:217 - loadIPPluginJar : add openamp
2022-08-23 22:47:39,107 [INFO] IPUIPlugin:79 - create IPUIPlugin
2022-08-23 22:47:39,107 [INFO] PluginManager:217 - loadIPPluginJar : add stm32_wpan
2022-08-23 22:47:39,111 [INFO] IPUIPlugin:79 - create IPUIPlugin
2022-08-23 22:47:39,115 [INFO] PluginManager:217 - loadIPPluginJar : add plateformsettings
2022-08-23 22:47:39,119 [INFO] IPUIPlugin:79 - create IPUIPlugin
2022-08-23 22:47:39,119 [INFO] PluginManager:217 - loadIPPluginJar : add ipddr
2022-08-23 22:47:39,121 [INFO] IPUIPlugin:79 - create IPUIPlugin
2022-08-23 22:47:39,121 [INFO] PluginManager:217 - loadIPPluginJar : add usart
2022-08-23 22:47:39,122 [INFO] IPUIPlugin:79 - create IPUIPlugin
2022-08-23 22:47:39,122 [INFO] PluginManager:217 - loadIPPluginJar : add ltdc
2022-08-23 22:47:39,125 [INFO] IPUIPlugin:79 - create IPUIPlugin
2022-08-23 22:47:39,126 [INFO] PluginManager:217 - loadIPPluginJar : add nvic
2022-08-23 22:47:39,127 [INFO] IPUIPlugin:79 - create IPUIPlugin
2022-08-23 22:47:39,127 [INFO] PluginManager:217 - loadIPPluginJar : add fatfs
2022-08-23 22:47:39,133 [INFO] IPUIPlugin:79 - create IPUIPlugin
2022-08-23 22:47:39,134 [INFO] PluginManager:217 - loadIPPluginJar : add linkedlist
2022-08-23 22:47:39,140 [INFO] IPUIPlugin:79 - create IPUIPlugin
2022-08-23 22:47:39,140 [INFO] PluginManager:217 - loadIPPluginJar : add dma
2022-08-23 22:47:39,143 [INFO] IPUIPlugin:79 - create IPUIPlugin
2022-08-23 22:47:39,144 [INFO] PluginManager:217 - loadIPPluginJar : add fmc
2022-08-23 22:47:39,145 [INFO] IPUIPlugin:79 - create IPUIPlugin
2022-08-23 22:47:39,145 [INFO] PluginManager:217 - loadIPPluginJar : add i2s
2022-08-23 22:47:39,146 [INFO] IPUIPlugin:79 - create IPUIPlugin
2022-08-23 22:47:39,146 [INFO] PluginManager:217 - loadIPPluginJar : add ucpd
2022-08-23 22:47:39,147 [INFO] IPUIPlugin:79 - create IPUIPlugin
2022-08-23 22:47:39,148 [INFO] PluginManager:217 - loadIPPluginJar : add lorawan
2022-08-23 22:47:39,149 [INFO] IPUIPlugin:79 - create IPUIPlugin
2022-08-23 22:47:39,149 [INFO] PluginManager:217 - loadIPPluginJar : add opamp
2022-08-23 22:47:39,151 [INFO] IPUIPlugin:79 - create IPUIPlugin
2022-08-23 22:47:39,151 [INFO] PluginManager:217 - loadIPPluginJar : add touchsensing
2022-08-23 22:47:39,153 [INFO] IPUIPlugin:79 - create IPUIPlugin
2022-08-23 22:47:39,153 [INFO] PluginManager:217 - loadIPPluginJar : add i2c
2022-08-23 22:47:39,155 [INFO] IPUIPlugin:79 - create IPUIPlugin
2022-08-23 22:47:39,155 [INFO] PluginManager:217 - loadIPPluginJar : add resmgrutility
2022-08-23 22:47:39,157 [INFO] IPUIPlugin:79 - create IPUIPlugin
2022-08-23 22:47:39,157 [INFO] PluginManager:217 - loadIPPluginJar : add sai
2022-08-23 22:47:39,159 [INFO] IPUIPlugin:79 - create IPUIPlugin
2022-08-23 22:47:39,160 [INFO] PluginManager:217 - loadIPPluginJar : add usbx
2022-08-23 22:47:39,448 [FATAL] Updater:301 - Updater called before beeing initialized
2022-08-23 22:47:39,599 [FATAL] Updater:301 - Updater called before beeing initialized
2022-08-23 22:47:39,607 [INFO] DbMcusAds:52 - JSON generation date=Thu Sep 30 08:55:09 CEST 2021 (1632984909247)
2022-08-23 22:47:39,608 [FATAL] Updater:301 - Updater called before beeing initialized
2022-08-23 22:47:39,686 [WARN] DetailPanel:344 - Failed to get advertising image, set to default
2022-08-23 22:47:39,898 [FATAL] Updater:301 - Updater called before beeing initialized
2022-08-23 22:47:39,918 [FATAL] Updater:301 - Updater called before beeing initialized
2022-08-23 22:47:39,918 [FATAL] Updater:301 - Updater called before beeing initialized
2022-08-23 22:47:39,919 [WARN] DetailPanel:344 - Failed to get advertising image, set to default
2022-08-23 22:47:39,945 [FATAL] Updater:301 - Updater called before beeing initialized
2022-08-23 22:47:40,060 [ERROR] Updater:1105 - MainUpdater not yet initialized. External WinMGr cannot be set.
2022-08-23 22:47:40,127 [INFO] Updater:1041 - Updater Version found : 6.6.1
2022-08-23 22:47:40,144 [INFO] ApplicationProperties:181 - Using Application install path: /Applications/STM32CubeIDE.app/Contents/Eclipse/plugins/com.st.stm32cube.common.mx_6.6.1.202207061420
2022-08-23 22:47:40,532 [INFO] MainUpdater:2768 - connection check result : 10
2022-08-23 22:47:40,533 [INFO] MainUpdater:280 - Updater Check For Update Now.
2022-08-23 22:47:40,534 [INFO] MicroXplorer:481 - Change Database Version : DB.6.0.60
2022-08-23 22:47:40,753 [INFO] CheckServerUpdateThread:119 - End of CheckServer Thread
2022-08-23 22:47:40,948 [INFO] MainUpdater:2768 - connection check result : 10
2022-08-23 22:47:40,964 [INFO] McuFinderGlobals:57 - Set McuFinderConnectedMode to true
2022-08-23 22:47:41,388 [WARN] MainUpdater:1184 - Updater busy. Cannot search thirdparties
2022-08-23 22:47:41,389 [INFO] ThirdPartyUpdaterWithRetryManager:96 - Updater plugin is busy. [1/15]
2022-08-23 22:47:41,442 [INFO] ServerAccessManage:474 - Download File mcusAds.json._tmp_
2022-08-23 22:47:41,568 [INFO] LoadUrlFilesThread:150 - End of LoadUrlFiles Thread
2022-08-23 22:47:41,712 [INFO] ServerAccessManage:474 - Download File cube-finder-db.zip
2022-08-23 22:47:42,609 [INFO] FileExtend:239 - Unzip File : cube-finder-db.zip
2022-08-23 22:47:42,613 [INFO] FileExtend:254 - Standard Zip Deflate
2022-08-23 22:47:43,173 [INFO] LoadUrlFilesThread:150 - End of LoadUrlFiles Thread
2022-08-23 22:47:43,594 [INFO] ServerAccessManage:474 - Download File crdb.zip
2022-08-23 22:47:43,764 [INFO] FileExtend:239 - Unzip File : crdb.zip
2022-08-23 22:47:43,766 [INFO] FileExtend:254 - Standard Zip Deflate
2022-08-23 22:47:43,895 [INFO] LoadUrlFilesThread:150 - End of LoadUrlFiles Thread
2022-08-23 22:47:44,037 [INFO] ServerAccessManage:474 - Download File tutoVideoDB.zip
2022-08-23 22:47:44,049 [INFO] FileExtend:239 - Unzip File : tutoVideoDB.zip
2022-08-23 22:47:44,052 [INFO] FileExtend:254 - Standard Zip Deflate
2022-08-23 22:47:44,169 [INFO] LoadUrlFilesThread:150 - End of LoadUrlFiles Thread
2022-08-23 22:47:44,201 [INFO] JxBrowserEngine:106 - Initiate JxBrowser Engine with user profile folder
2022-08-23 22:47:44,361 [ERROR] JxBrowserEngine:59 - Can't initiate JxBrowser engine com.teamdev.jxbrowser.engine.ChromiumBinariesExtractionException: Failed to extract Chromium binaries into /Users/anemiq/.stm32cubemx/.jxbrowser/Chromium
2022-08-23 22:47:44,364 [WARN] DbFile:40 - Overriding database path with different value: /Users/anemiq/.stmcufinder/plugins/mcufinder/ => /Users/anemiq/.stmcufinder/plugins/mcufinder
2022-08-23 22:47:44,395 [WARN] MainUpdater:1184 - Updater busy. Cannot search thirdparties
2022-08-23 22:47:44,395 [INFO] ThirdPartyUpdaterWithRetryManager:96 - Updater plugin is busy. [2/15]
2022-08-23 22:47:44,428 [INFO] ServerAccessManage:474 - Download File api_config.json
2022-08-23 22:47:44,539 [INFO] LoadUrlFilesThread:150 - End of LoadUrlFiles Thread
2022-08-23 22:47:44,544 [INFO] DbMcusAds:52 - JSON generation date=Thu Sep 30 08:55:09 CEST 2021 (1632984909377)
2022-08-23 22:47:44,617 [INFO] ServerAccessManage:474 - Download File 
2022-08-23 22:47:44,650 [INFO] LoadUrlFilesThread:177 - End of LoadServerUrlFiles without Thread
2022-08-23 22:47:44,650 [INFO] TargetSelectorAdapter:228 - Refresh data is successful
2022-08-23 22:47:44,931 [INFO] ApiDb:576 - Connected to CubeFinder SQLite database (/Users/anemiq/.stmcufinder/plugins/mcufinder/mcu/cube-finder-db.db)
2022-08-23 22:47:44,946 [INFO] ApiDb:663 - CubeFinder database Data Model version=2.1
2022-08-23 22:47:44,946 [INFO] ApiDb:664 - CubeFinder database Configuration version=3.0.32
2022-08-23 22:47:44,947 [INFO] ApiDb:665 - CubeFinder database generation date=2022-08-05 (1659688109)
2022-08-23 22:47:44,947 [INFO] ApiDb:666 - CubeFinder database FW Pack versions=[STM32Cube_FW_C0_V1.0.0, STM32Cube_FW_F4_V1.27.1, STM32Cube_FW_F7_V1.17.0, STM32Cube_FW_G0_V1.6.1, STM32Cube_FW_G4_V1.5.0, STM32Cube_FW_H7_V1.10.0, STM32Cube_FW_L5_V1.4.0, STM32Cube_FW_U5_V1.1.1, STM32Cube_FW_WB_V1.14.1, STM32Cube_FW_WL_V1.2.0, X-CUBE-ALGOBUILD_V1.3.0, X-CUBE-ALS_V1.0.1, X-CUBE-AZRTOS-F4_V1.1.0, X-CUBE-AZRTOS-F7_V1.1.0, X-CUBE-AZRTOS-G0_V1.1.0, X-CUBE-AZRTOS-G4_V1.0.0, X-CUBE-AZRTOS-H7_V2.1.0, X-CUBE-AZRTOS-L4_V1.0.0, X-CUBE-AZRTOS-L5_V1.0.0, X-CUBE-AZRTOS-WL_V1.0.0, X-CUBE-BLE1_V6.2.3, X-CUBE-BLE2_V3.3.0, X-CUBE-EEPRMA1_V3.1.1, X-CUBE-GNSS1_V6.0.0, X-CUBE-MEMS1_V9.1.0, X-CUBE-MEMS1_V9.3.0, X-CUBE-NFC4_V2.0.4, X-CUBE-NFC7_V1.0.0, X-CUBE-SFXS2LP1_V4.0.0, X-CUBE-SUBG2_V5.0.0]
2022-08-23 22:47:46,051 [INFO] ApiDb:239 - Found 138 in-development CPN: [B-WB1M-WPAN1, NUCLEO-C031C6, STEVAL-STWINBX1, STM320518-EVAL, STM32C0116-DK, STM32C011D6Y3TR, STM32C011D6Y6TR, STM32C011F4P3, STM32C011F4P6, STM32C011F4U3, STM32C011F4U6TR, STM32C011F6P3, STM32C011F6P6, STM32C011F6U3, STM32C011F6U6TR, STM32C011J4M3, STM32C011J4M6, STM32C011J6M3, STM32C011J6M6, STM32C0316-DK, STM32C031C4T3, STM32C031C4T6, STM32C031C4U3, STM32C031C4U6, STM32C031C6T3, STM32C031C6T6, STM32C031C6U3, STM32C031C6U6, STM32C031F4P3, STM32C031F4P6, STM32C031F6P3, STM32C031F6P6, STM32C031G4U3, STM32C031G4U6, STM32C031G6U3, STM32C031G6U6, STM32C031K4T3, STM32C031K4T6, STM32C031K4U3, STM32C031K4U6, STM32C031K6T3, STM32C031K6T6, STM32C031K6U3, STM32C031K6U6, STM32G071K8TXN, STM32G071K8UXN, STM32G081GBU6N, STM32G081KBT6N, STM32G081KBUXN, STM32G0B1CCT6N, STM32G0B1KCT6, STM32G0B1NEY6TR, STM32G0B1RCT6N, STM32G0C1CCT6, STM32G0C1CCT6N, STM32G0C1CCU6N, STM32G0C1CET6N, STM32G0C1CEU6N, STM32G0C1KCT6, STM32G0C1NEY6TR, STM32G0C1RCI6N, STM32G0C1RCT6N, STM32G0C1REI6N, STM32G0C1RET6N, STM32G0C1VCI6, STM32G0C1VEI6, STM32G471CCT6, STM32G471CCU6, STM32G471CET3, STM32G471CET6, STM32G471CEU3, STM32G471CEU6, STM32G471MCT6, STM32G471MET3, STM32G471MET6, STM32G471MEY6TR, STM32G471QCT6, STM32G471QET3, STM32G471RCT6, STM32G471RET3, STM32G471RET6, STM32G471VCH6, STM32G471VCI6, STM32G471VCT6, STM32G471VEH3, STM32G471VEH6, STM32G471VEI3, STM32G471VEI6, STM32G471VET3, STM32G471VET6, STM32G474CCT6, STM32L476VGY6PTR, STM32L4R5QGI6STR, STM32MP131AAE3, STM32MP131AAF3, STM32MP131AAG3, STM32MP131CAE3, STM32MP131CAF3, STM32MP131CAG3, STM32MP131DAE7, STM32MP131DAF7, STM32MP131DAG7, STM32MP131FAE7, STM32MP131FAF7, STM32MP131FAG7, STM32MP133AAE3, STM32MP133AAF3, STM32MP133AAG3, STM32MP133CAE3, STM32MP133CAF3, STM32MP133CAG3, STM32MP133DAE7, STM32MP133DAF7, STM32MP133DAG7, STM32MP133FAE7, STM32MP133FAF7, STM32MP133FAG7, STM32MP135AAE3, STM32MP135AAF3, STM32MP135AAG3, STM32MP135CAE3, STM32MP135CAF3, STM32MP135CAG3, STM32MP135DAE7, STM32MP135DAF7, STM32MP135DAG7, STM32MP135F-DK, STM32MP135FAE7, STM32MP135FAF7, STM32MP135FAG7, STM32U595ZJT6Q, STM32U599BJY6QTR, STM32U599NIH6Q, STM32U599NJH6Q, STM32U5A5ZJT6Q, STM32U5A9BJY6QTR, STM32U5A9NJH6Q, STM32WB1MMCH6]
2022-08-23 22:47:46,064 [INFO] DbMcus:215 - Found 3542 MCUs, 3542 are supported
2022-08-23 22:47:46,069 [INFO] ApiDb:418 - Load user favorites file /Users/anemiq/.stm32cubeide/favorites.mcus.txt: 0 item(s)
2022-08-23 22:47:46,070 [INFO] ApiDb:422 - User favorites MCUs=[]
2022-08-23 22:47:46,070 [INFO] DbMcus:221 - Set 0 / 0 favorites MCUs
2022-08-23 22:47:46,074 [INFO] ApiDb:663 - CubeFinder database Data Model version=2.1
2022-08-23 22:47:46,074 [INFO] ApiDb:664 - CubeFinder database Configuration version=3.0.32
2022-08-23 22:47:46,075 [INFO] ApiDb:665 - CubeFinder database generation date=2022-08-05 (1659688109)
2022-08-23 22:47:46,075 [INFO] ApiDb:666 - CubeFinder database FW Pack versions=[STM32Cube_FW_C0_V1.0.0, STM32Cube_FW_F4_V1.27.1, STM32Cube_FW_F7_V1.17.0, STM32Cube_FW_G0_V1.6.1, STM32Cube_FW_G4_V1.5.0, STM32Cube_FW_H7_V1.10.0, STM32Cube_FW_L5_V1.4.0, STM32Cube_FW_U5_V1.1.1, STM32Cube_FW_WB_V1.14.1, STM32Cube_FW_WL_V1.2.0, X-CUBE-ALGOBUILD_V1.3.0, X-CUBE-ALS_V1.0.1, X-CUBE-AZRTOS-F4_V1.1.0, X-CUBE-AZRTOS-F7_V1.1.0, X-CUBE-AZRTOS-G0_V1.1.0, X-CUBE-AZRTOS-G4_V1.0.0, X-CUBE-AZRTOS-H7_V2.1.0, X-CUBE-AZRTOS-L4_V1.0.0, X-CUBE-AZRTOS-L5_V1.0.0, X-CUBE-AZRTOS-WL_V1.0.0, X-CUBE-BLE1_V6.2.3, X-CUBE-BLE2_V3.3.0, X-CUBE-EEPRMA1_V3.1.1, X-CUBE-GNSS1_V6.0.0, X-CUBE-MEMS1_V9.1.0, X-CUBE-MEMS1_V9.3.0, X-CUBE-NFC4_V2.0.4, X-CUBE-NFC7_V1.0.0, X-CUBE-SFXS2LP1_V4.0.0, X-CUBE-SUBG2_V5.0.0]
2022-08-23 22:47:46,135 [INFO] DbBoardsSqlite:227 - include board P-NUCLEO-WB55-NUCLEO as a kit item of type 'Nucleo-64'
2022-08-23 22:47:46,136 [INFO] DbBoardsSqlite:227 - include board P-NUCLEO-WB55-USBDONGLE as a kit item of type 'Nucleo USB Dongle'
2022-08-23 22:47:46,136 [INFO] DbBoardsSqlite:227 - include board STEVAL-IDP005V1 as a kit item of type 'Evaluation Board'
2022-08-23 22:47:46,137 [INFO] DbBoardsSqlite:227 - include board STEVAL-IDP005V2 as a kit item of type 'Evaluation Board'
2022-08-23 22:47:46,149 [INFO] ApiDb:239 - Found 138 in-development CPN: [B-WB1M-WPAN1, NUCLEO-C031C6, STEVAL-STWINBX1, STM320518-EVAL, STM32C0116-DK, STM32C011D6Y3TR, STM32C011D6Y6TR, STM32C011F4P3, STM32C011F4P6, STM32C011F4U3, STM32C011F4U6TR, STM32C011F6P3, STM32C011F6P6, STM32C011F6U3, STM32C011F6U6TR, STM32C011J4M3, STM32C011J4M6, STM32C011J6M3, STM32C011J6M6, STM32C0316-DK, STM32C031C4T3, STM32C031C4T6, STM32C031C4U3, STM32C031C4U6, STM32C031C6T3, STM32C031C6T6, STM32C031C6U3, STM32C031C6U6, STM32C031F4P3, STM32C031F4P6, STM32C031F6P3, STM32C031F6P6, STM32C031G4U3, STM32C031G4U6, STM32C031G6U3, STM32C031G6U6, STM32C031K4T3, STM32C031K4T6, STM32C031K4U3, STM32C031K4U6, STM32C031K6T3, STM32C031K6T6, STM32C031K6U3, STM32C031K6U6, STM32G071K8TXN, STM32G071K8UXN, STM32G081GBU6N, STM32G081KBT6N, STM32G081KBUXN, STM32G0B1CCT6N, STM32G0B1KCT6, STM32G0B1NEY6TR, STM32G0B1RCT6N, STM32G0C1CCT6, STM32G0C1CCT6N, STM32G0C1CCU6N, STM32G0C1CET6N, STM32G0C1CEU6N, STM32G0C1KCT6, STM32G0C1NEY6TR, STM32G0C1RCI6N, STM32G0C1RCT6N, STM32G0C1REI6N, STM32G0C1RET6N, STM32G0C1VCI6, STM32G0C1VEI6, STM32G471CCT6, STM32G471CCU6, STM32G471CET3, STM32G471CET6, STM32G471CEU3, STM32G471CEU6, STM32G471MCT6, STM32G471MET3, STM32G471MET6, STM32G471MEY6TR, STM32G471QCT6, STM32G471QET3, STM32G471RCT6, STM32G471RET3, STM32G471RET6, STM32G471VCH6, STM32G471VCI6, STM32G471VCT6, STM32G471VEH3, STM32G471VEH6, STM32G471VEI3, STM32G471VEI6, STM32G471VET3, STM32G471VET6, STM32G474CCT6, STM32L476VGY6PTR, STM32L4R5QGI6STR, STM32MP131AAE3, STM32MP131AAF3, STM32MP131AAG3, STM32MP131CAE3, STM32MP131CAF3, STM32MP131CAG3, STM32MP131DAE7, STM32MP131DAF7, STM32MP131DAG7, STM32MP131FAE7, STM32MP131FAF7, STM32MP131FAG7, STM32MP133AAE3, STM32MP133AAF3, STM32MP133AAG3, STM32MP133CAE3, STM32MP133CAF3, STM32MP133CAG3, STM32MP133DAE7, STM32MP133DAF7, STM32MP133DAG7, STM32MP133FAE7, STM32MP133FAF7, STM32MP133FAG7, STM32MP135AAE3, STM32MP135AAF3, STM32MP135AAG3, STM32MP135CAE3, STM32MP135CAF3, STM32MP135CAG3, STM32MP135DAE7, STM32MP135DAF7, STM32MP135DAG7, STM32MP135F-DK, STM32MP135FAE7, STM32MP135FAF7, STM32MP135FAG7, STM32U595ZJT6Q, STM32U599BJY6QTR, STM32U599NIH6Q, STM32U599NJH6Q, STM32U5A5ZJT6Q, STM32U5A9BJY6QTR, STM32U5A9NJH6Q, STM32WB1MMCH6]
2022-08-23 22:47:46,323 [INFO] BoardInfo:879 - No configuration file found for board P-NUCLEO-WB55
2022-08-23 22:47:46,324 [INFO] DbBoards:156 - Kit is not supported: P-NUCLEO-WB55
2022-08-23 22:47:46,328 [INFO] BoardInfo:879 - No configuration file found for board STEVAL-BFA001V1B
2022-08-23 22:47:46,329 [INFO] DbBoards:156 - Kit is not supported: STEVAL-BFA001V1B
2022-08-23 22:47:46,330 [INFO] BoardInfo:879 - No configuration file found for board STEVAL-BFA001V2B
2022-08-23 22:47:46,330 [INFO] DbBoards:156 - Kit is not supported: STEVAL-BFA001V2B
2022-08-23 22:47:46,434 [INFO] DbBoards:160 - Found 176 boards, 173 are supported
2022-08-23 22:47:46,445 [INFO] ApiDb:409 - User favorites file not found: /Users/anemiq/.stm32cubeide/favorites.boards.txt
2022-08-23 22:47:46,445 [INFO] DbBoards:189 - Set 0 / 0 favorites Boards
2022-08-23 22:47:46,448 [INFO] ApiDb:663 - CubeFinder database Data Model version=2.1
2022-08-23 22:47:46,449 [INFO] ApiDb:664 - CubeFinder database Configuration version=3.0.32
2022-08-23 22:47:46,449 [INFO] ApiDb:665 - CubeFinder database generation date=2022-08-05 (1659688109)
2022-08-23 22:47:46,449 [INFO] ApiDb:666 - CubeFinder database FW Pack versions=[STM32Cube_FW_C0_V1.0.0, STM32Cube_FW_F4_V1.27.1, STM32Cube_FW_F7_V1.17.0, STM32Cube_FW_G0_V1.6.1, STM32Cube_FW_G4_V1.5.0, STM32Cube_FW_H7_V1.10.0, STM32Cube_FW_L5_V1.4.0, STM32Cube_FW_U5_V1.1.1, STM32Cube_FW_WB_V1.14.1, STM32Cube_FW_WL_V1.2.0, X-CUBE-ALGOBUILD_V1.3.0, X-CUBE-ALS_V1.0.1, X-CUBE-AZRTOS-F4_V1.1.0, X-CUBE-AZRTOS-F7_V1.1.0, X-CUBE-AZRTOS-G0_V1.1.0, X-CUBE-AZRTOS-G4_V1.0.0, X-CUBE-AZRTOS-H7_V2.1.0, X-CUBE-AZRTOS-L4_V1.0.0, X-CUBE-AZRTOS-L5_V1.0.0, X-CUBE-AZRTOS-WL_V1.0.0, X-CUBE-BLE1_V6.2.3, X-CUBE-BLE2_V3.3.0, X-CUBE-EEPRMA1_V3.1.1, X-CUBE-GNSS1_V6.0.0, X-CUBE-MEMS1_V9.1.0, X-CUBE-MEMS1_V9.3.0, X-CUBE-NFC4_V2.0.4, X-CUBE-NFC7_V1.0.0, X-CUBE-SFXS2LP1_V4.0.0, X-CUBE-SUBG2_V5.0.0]
2022-08-23 22:47:46,653 [ERROR] LogOutputStream:74 - [STDERR_REDIRECT] SLF4J: Failed to load class "org.slf4j.impl.StaticLoggerBinder".
2022-08-23 22:47:46,654 [ERROR] LogOutputStream:74 - [STDERR_REDIRECT] SLF4J: Defaulting to no-operation (NOP) logger implementation
2022-08-23 22:47:46,655 [ERROR] LogOutputStream:74 - [STDERR_REDIRECT] SLF4J: See http://www.slf4j.org/codes.html#StaticLoggerBinder for further details.
2022-08-23 22:47:47,462 [INFO] DbExamplesSqlite:374 - Ignored 31 examples not supported by CubeIDE
2022-08-23 22:47:47,467 [INFO] DbExamplesSqlite:375 - Found 6197 examples active
2022-08-23 22:47:47,469 [INFO] DbExamplesSqlite:376 - Found 89 examples obsolete
2022-08-23 22:47:47,470 [INFO] DbExamplesSqlite:377 - Found 0 examples under development
2022-08-23 22:47:47,471 [INFO] DbExamplesSqlite:378 - Found 76 examples not building
2022-08-23 22:47:47,475 [INFO] DbExamples:124 - Found 6242 examples
2022-08-23 22:47:47,510 [INFO] DbExamples:221 - Found 77 boards with related examples
2022-08-23 22:47:47,523 [INFO] DbExamples:234 - Found 64 MCUs with related examples
2022-08-23 22:47:47,547 [INFO] ApiDb:409 - User favorites file not found: /Users/anemiq/.stm32cubeide/favorites.examples.txt
2022-08-23 22:47:47,553 [INFO] DbExamples:249 - Set 0 / 0 favorites Examples
2022-08-23 22:47:47,750 [WARN] PackLoader:242 - Cannot read IP mode file for STMicroelectronics.X-CUBE-GNSS1.6.0.0
2022-08-23 22:47:47,930 [WARN] PackLoader:242 - Cannot read IP mode file for STMicroelectronics.X-CUBE-AZRTOS-F4.1.1.0
2022-08-23 22:47:48,093 [WARN] PackLoader:242 - Cannot read IP mode file for STMicroelectronics.X-CUBE-AZRTOS-F7.1.1.0
2022-08-23 22:47:48,197 [INFO] McuFinderGlobals:57 - Set McuFinderConnectedMode to true
2022-08-23 22:47:48,197 [WARN] PackLoader:242 - Cannot read IP mode file for STMicroelectronics.X-CUBE-BLE1.6.2.3
2022-08-23 22:47:48,216 [INFO] MultiScanPanel:195 - Auto-refresh data requested => check proxy status ongoing
2022-08-23 22:47:48,224 [INFO] FinderPluginLoader:92 - Searching for filters in installed packs
2022-08-23 22:47:48,250 [WARN] PackLoader:242 - Cannot read IP mode file for STMicroelectronics.X-CUBE-NFC4.2.0.4
2022-08-23 22:47:48,322 [WARN] PackLoader:242 - Cannot read IP mode file for STMicroelectronics.X-CUBE-TOF1.3.1.0
2022-08-23 22:47:48,463 [WARN] PackLoader:242 - Cannot read IP mode file for STMicroelectronics.X-CUBE-NFC7.1.0.0
2022-08-23 22:47:48,686 [WARN] PackLoader:242 - Cannot read IP mode file for STMicroelectronics.X-CUBE-MEMS1.9.3.0
2022-08-23 22:47:48,961 [WARN] PackLoader:242 - Cannot read IP mode file for STMicroelectronics.X-CUBE-AI.7.2.0
2022-08-23 22:47:48,987 [WARN] PackLoader:242 - Cannot read IP mode file for STMicroelectronics.X-CUBE-SFXS2LP1.4.0.0
2022-08-23 22:47:49,017 [WARN] PackLoader:242 - Cannot read IP mode file for STMicroelectronics.X-CUBE-BLE2.3.3.0
2022-08-23 22:47:49,032 [WARN] PackLoader:242 - Cannot read IP mode file for STMicroelectronics.X-CUBE-DISPLAY.2.2.0
2022-08-23 22:47:49,040 [WARN] PackLoader:242 - Cannot read IP mode file for STMicroelectronics.X-CUBE-ISPU.1.0.0
2022-08-23 22:47:49,057 [WARN] PackLoader:242 - Cannot read IP mode file for RoweBots.I-CUBE-UNISONRTOS.5.5.0-4
2022-08-23 22:47:49,106 [WARN] PackLoader:242 - Cannot read IP mode file for STMicroelectronics.X-CUBE-AZRTOS-H7.2.1.0
2022-08-23 22:47:49,117 [WARN] PackLoader:242 - Cannot read IP mode file for wolfSSL.I-CUBE-wolfSSL.5.4.0
2022-08-23 22:47:49,144 [WARN] PackLoader:242 - Cannot read IP mode file for STMicroelectronics.X-CUBE-BLEMGR.1.0.0
2022-08-23 22:47:49,164 [WARN] PackLoader:242 - Cannot read IP mode file for STMicroelectronics.X-CUBE-ALGOBUILD.1.3.0
2022-08-23 22:47:49,192 [WARN] PackLoader:242 - Cannot read IP mode file for STMicroelectronics.X-CUBE-AZRTOS-G0.1.1.0
2022-08-23 22:47:49,213 [WARN] PackLoader:242 - Cannot read IP mode file for STMicroelectronics.X-CUBE-SUBG2.5.0.0
2022-08-23 22:47:49,297 [WARN] PackLoader:242 - Cannot read IP mode file for SEGGER.I-CUBE-embOS.1.2.0
2022-08-23 22:47:49,331 [WARN] PackLoader:242 - Cannot read IP mode file for STMicroelectronics.FP-ATR-ASTRA1.1.1.0
2022-08-23 22:47:49,384 [WARN] PackLoader:242 - Cannot read IP mode file for STMicroelectronics.X-CUBE-AZRTOS-G4.1.0.0
2022-08-23 22:47:49,413 [WARN] PackLoader:242 - Cannot read IP mode file for STMicroelectronics.X-CUBE-AZRTOS-L4.1.0.0
2022-08-23 22:47:49,424 [WARN] PackLoader:242 - Cannot read IP mode file for emotas.I-CUBE-CANOPEN.1.1.2
2022-08-23 22:47:49,429 [WARN] PackLoader:242 - Cannot read IP mode file for STMicroelectronics.X-CUBE-TOUCHGFX.4.20.0
2022-08-23 22:47:49,447 [WARN] PackLoader:242 - Cannot read IP mode file for STMicroelectronics.X-CUBE-AZRTOS-WL.1.0.0
2022-08-23 22:47:49,457 [WARN] PackLoader:242 - Cannot read IP mode file for portGmbH.I-Cube-SoM-uGOAL.1.1.0
2022-08-23 22:47:49,461 [WARN] PackLoader:242 - Cannot read IP mode file for STMicroelectronics.X-CUBE-ALS.1.0.1
2022-08-23 22:47:49,489 [WARN] PackLoader:242 - Cannot read IP mode file for STMicroelectronics.X-CUBE-AZRTOS-L5.1.0.0
2022-08-23 22:47:49,498 [WARN] PackLoader:242 - Cannot read IP mode file for STMicroelectronics.X-CUBE-EEPRMA1.3.1.1
2022-08-23 22:47:49,500 [INFO] ThirdParty:929 - Integrity check success = true
2022-08-23 22:47:49,500 [INFO] IntegrityCheckThread:98 - exiting critical section [integrity check]
2022-08-23 22:47:49,501 [INFO] IntegrityCheckThread:101 - End integrity checks thread
2022-08-23 22:47:50,261 [INFO] LoadUrlFilesThread:177 - End of LoadServerUrlFiles without Thread
2022-08-23 22:47:50,277 [INFO] DetailPanel:339 - Set advertising image to /Users/anemiq/STM32Cube/Repository//en.Prom_NBSTM32U50921.jpg
2022-08-23 22:48:05,441 [INFO] MainUpdater:2768 - connection check result : 10
2022-08-23 22:48:05,450 [INFO] MainUpdater:2768 - connection check result : 10
2022-08-23 22:48:05,606 [INFO] MicroXplorer:451 - Change Database Path : 
2022-08-23 22:48:05,606 [INFO] MicroXplorer:481 - Change Database Version : DB.6.0.60
2022-08-23 22:48:05,608 [WARN] ThirdParty:827 - waiting for thirdparty lock release [close project]
2022-08-23 22:48:05,609 [INFO] ThirdParty:829 - entering critical section [close project]
2022-08-23 22:48:05,614 [INFO] ThirdParty:839 - exiting critical section [close project]
2022-08-23 22:48:05,619 [INFO] PinOutPanel:1468 - setPackage(No Configuration,No Configuration)
2022-08-23 22:48:05,640 [INFO] UtilMem:74 - Begin LoadConfig() Used Memory: 359157808 Bytes (419430400)
2022-08-23 22:48:05,642 [INFO] MicroXplorer:451 - Change Database Path : 
2022-08-23 22:48:05,642 [INFO] MicroXplorer:481 - Change Database Version : DB.6.0.60
2022-08-23 22:48:05,642 [INFO] OpenFileManager:307 - Change cursor
2022-08-23 22:48:05,766 [INFO] Mcu:1922 - Initializing MCU STM32L031K(4-6)Tx STM32L031K6Tx STM32L031K6T6
2022-08-23 22:48:07,374 [INFO] Context:654 - Trying to add GPIOservice into a context  which must be forbidden
2022-08-23 22:48:08,481 [WARN] ApiManager:308 - Cannot register API 'Board Extension:GNSS1A1' from pack STMicroelectronics.X-CUBE-GNSS1.6.0.0: no header file found
2022-08-23 22:48:08,484 [WARN] ApiManager:308 - Cannot register API 'Board Support:Custom' from pack STMicroelectronics.X-CUBE-GNSS1.6.0.0: no header file found
2022-08-23 22:48:08,484 [WARN] ApiManager:308 - Cannot register API 'Data Exchange:lib_gnss' from pack STMicroelectronics.X-CUBE-GNSS1.6.0.0: no header file found
2022-08-23 22:48:08,509 [WARN] ApiManager:308 - Cannot register API 'Wireless:BlueNRG-MS' from pack STMicroelectronics.X-CUBE-BLE1.6.2.3: no header file found
2022-08-23 22:48:08,515 [INFO] RtosManager:488 - Registered RTOS mode: class=CMSIS, group=RTOS, mode=CMSIS_V1, owner=FREERTOS
2022-08-23 22:48:08,515 [INFO] RtosManager:488 - Registered RTOS mode: class=CMSIS, group=RTOS2, mode=CMSIS_V2, owner=FREERTOS
2022-08-23 22:48:08,515 [INFO] RtosManager:488 - Registered RTOS mode: class=RTOS, group=Core, mode=CMSIS_V1, owner=FREERTOS
2022-08-23 22:48:08,516 [INFO] RtosManager:488 - Registered RTOS mode: class=RTOS, group=Core, mode=CMSIS_V2, owner=FREERTOS
2022-08-23 22:48:08,516 [WARN] ModelIntegratedComponent:185 - Missing modes for component STMicroelectronics:FreeRTOS:0.0.1:STMicroelectronics:RTOS:FreeRTOS:Core:::10.2.0:
2022-08-23 22:48:08,522 [WARN] ApiManager:308 - Cannot register API 'Board Extension:S2868A1' from pack STMicroelectronics.X-CUBE-SUBG2.5.0.0: no header file found
2022-08-23 22:48:08,522 [WARN] ApiManager:308 - Cannot register API 'Board Extension:S2868A2' from pack STMicroelectronics.X-CUBE-SUBG2.5.0.0: no header file found
2022-08-23 22:48:08,523 [WARN] ApiManager:308 - Cannot register API 'Board Extension:S2915A1' from pack STMicroelectronics.X-CUBE-SUBG2.5.0.0: no header file found
2022-08-23 22:48:08,543 [WARN] ApiManager:308 - Cannot register API 'Board Extension:NFC04A1' from pack STMicroelectronics.X-CUBE-NFC4.2.0.4: no header file found
2022-08-23 22:48:08,569 [WARN] ModelIntegratedComponent:64 - No mode defined for component null
2022-08-23 22:48:08,570 [WARN] ModelIntegratedComponent:64 - No mode defined for component null
2022-08-23 22:48:08,570 [WARN] ModelIntegratedComponent:64 - No mode defined for component null
2022-08-23 22:48:08,570 [WARN] ModelIntegratedComponent:64 - No mode defined for component null
2022-08-23 22:48:08,570 [WARN] ModelIntegratedComponent:64 - No mode defined for component null
2022-08-23 22:48:08,570 [WARN] ModelIntegratedComponent:64 - No mode defined for component null
2022-08-23 22:48:08,571 [WARN] ModelIntegratedComponent:64 - No mode defined for component null
2022-08-23 22:48:08,571 [WARN] ModelIntegratedComponent:64 - No mode defined for component null
2022-08-23 22:48:08,571 [WARN] ModelIntegratedComponent:64 - No mode defined for component null
2022-08-23 22:48:08,571 [WARN] ModelIntegratedComponent:64 - No mode defined for component null
2022-08-23 22:48:08,571 [WARN] ModelIntegratedComponent:64 - No mode defined for component null
2022-08-23 22:48:08,571 [WARN] ModelIntegratedComponent:64 - No mode defined for component null
2022-08-23 22:48:08,571 [WARN] ModelIntegratedComponent:64 - No mode defined for component null
2022-08-23 22:48:08,571 [WARN] ModelIntegratedComponent:64 - No mode defined for component null
2022-08-23 22:48:08,572 [WARN] ModelIntegratedComponent:64 - No mode defined for component null
2022-08-23 22:48:08,572 [WARN] ModelIntegratedComponent:64 - No mode defined for component null
2022-08-23 22:48:08,572 [WARN] ModelIntegratedComponent:64 - No mode defined for component null
2022-08-23 22:48:08,572 [WARN] ModelIntegratedComponent:64 - No mode defined for component null
2022-08-23 22:48:08,572 [WARN] ModelIntegratedComponent:64 - No mode defined for component null
2022-08-23 22:48:08,572 [WARN] ModelIntegratedComponent:64 - No mode defined for component null
2022-08-23 22:48:08,572 [WARN] ModelIntegratedComponent:64 - No mode defined for component null
2022-08-23 22:48:08,572 [WARN] ModelIntegratedComponent:64 - No mode defined for component null
2022-08-23 22:48:08,573 [WARN] ModelIntegratedComponent:64 - No mode defined for component null
2022-08-23 22:48:08,573 [WARN] ModelIntegratedComponent:64 - No mode defined for component null
2022-08-23 22:48:08,573 [WARN] ModelIntegratedComponent:64 - No mode defined for component null
2022-08-23 22:48:08,573 [WARN] ModelIntegratedComponent:64 - No mode defined for component null
2022-08-23 22:48:08,573 [WARN] ModelIntegratedComponent:64 - No mode defined for component null
2022-08-23 22:48:08,574 [WARN] ModelIntegratedComponent:64 - No mode defined for component null
2022-08-23 22:48:08,574 [WARN] ModelIntegratedComponent:64 - No mode defined for component null
2022-08-23 22:48:08,574 [WARN] ModelIntegratedComponent:64 - No mode defined for component null
2022-08-23 22:48:08,574 [WARN] ModelIntegratedComponent:64 - No mode defined for component null
2022-08-23 22:48:08,574 [WARN] ModelIntegratedComponent:64 - No mode defined for component null
2022-08-23 22:48:08,574 [WARN] ModelIntegratedComponent:64 - No mode defined for component null
2022-08-23 22:48:08,578 [WARN] ApiManager:308 - Cannot register API 'Board Extension:NFC07A1' from pack STMicroelectronics.X-CUBE-NFC7.1.0.0: no header file found
2022-08-23 22:48:08,639 [WARN] ApiManager:308 - Cannot register API 'Board Extension:IKS01A3' from pack STMicroelectronics.X-CUBE-MEMS1.9.3.0: no header file found
2022-08-23 22:48:08,640 [WARN] ApiManager:308 - Cannot register API 'Board Extension:IKS01A2' from pack STMicroelectronics.X-CUBE-MEMS1.9.3.0: no header file found
2022-08-23 22:48:08,640 [WARN] ApiManager:308 - Cannot register API 'Board Extension:IKS02A1' from pack STMicroelectronics.X-CUBE-MEMS1.9.3.0: no header file found
2022-08-23 22:48:08,668 [WARN] ApiManager:308 - Cannot register API 'Board Extension:EEPRMA1' from pack STMicroelectronics.X-CUBE-EEPRMA1.3.1.1: no header file found
2022-08-23 22:48:08,669 [WARN] ApiManager:308 - Cannot register API 'Board Extension:EEPRMA2' from pack STMicroelectronics.X-CUBE-EEPRMA1.3.1.1: no header file found
2022-08-23 22:48:08,670 [WARN] ApiManager:308 - Cannot register API 'Board Extension:S2868A1' from pack STMicroelectronics.X-CUBE-SFXS2LP1.4.0.0: no header file found
2022-08-23 22:48:08,670 [WARN] ApiManager:308 - Cannot register API 'Board Extension:S2868A2' from pack STMicroelectronics.X-CUBE-SFXS2LP1.4.0.0: no header file found
2022-08-23 22:48:08,670 [WARN] ApiManager:308 - Cannot register API 'Board Extension:S2915A1' from pack STMicroelectronics.X-CUBE-SFXS2LP1.4.0.0: no header file found
2022-08-23 22:48:08,670 [WARN] ApiManager:308 - Cannot register API 'Wireless:BlueNRG-2' from pack STMicroelectronics.X-CUBE-BLE2.3.3.0: no header file found
2022-08-23 22:48:08,680 [INFO] ThirdPartyModel:289 - Start build external matchings
2022-08-23 22:48:08,854 [INFO] ThirdPartyModel:302 - End build external matchings
2022-08-23 22:48:08,966 [INFO] ImportTextPane:193 - (OptionalMessage_ERROR) IP (DMA) : Parameter (Instance) has Id (ADC) currently not set
2022-08-23 22:48:08,968 [INFO] ImportTextPane:193 - (OptionalMessage_ERROR) IP (DMA) : Parameter (Request) has Id (ADC) currently not set
2022-08-23 22:48:08,968 [INFO] ImportTextPane:193 - (OptionalMessage_ERROR) IP (DMA) : Parameter (Direction) has Id (ADC) currently not set
2022-08-23 22:48:08,969 [INFO] ImportTextPane:193 - (OptionalMessage_ERROR) IP (DMA) : Parameter (PeriphInc) has Id (ADC) currently not set
2022-08-23 22:48:08,969 [INFO] ImportTextPane:193 - (OptionalMessage_ERROR) IP (DMA) : Parameter (MemInc) has Id (ADC) currently not set
2022-08-23 22:48:08,970 [INFO] ImportTextPane:193 - (OptionalMessage_ERROR) IP (DMA) : Parameter (PeriphDataAlignment) has Id (ADC) currently not set
2022-08-23 22:48:08,970 [INFO] ImportTextPane:193 - (OptionalMessage_ERROR) IP (DMA) : Parameter (MemDataAlignment) has Id (ADC) currently not set
2022-08-23 22:48:08,970 [INFO] ImportTextPane:193 - (OptionalMessage_ERROR) IP (DMA) : Parameter (Mode) has Id (ADC) currently not set
2022-08-23 22:48:08,970 [INFO] ImportTextPane:193 - (OptionalMessage_ERROR) IP (DMA) : Parameter (Priority) has Id (ADC) currently not set
2022-08-23 22:48:09,340 [INFO] UtilMem:74 - End LoadConfig() Used Memory: 396400424 Bytes (510656512)
2022-08-23 22:48:09,390 [WARN] ThirdParty:789 - waiting for thirdparty lock release [change project]
2022-08-23 22:48:09,390 [INFO] ThirdParty:791 - entering critical section [change project]
2022-08-23 22:48:09,391 [INFO] ThirdParty:981 - CMSIS Pack Vendor :RoweBots I-CUBE-UNISONRTOS 5.5.0-4
2022-08-23 22:48:09,392 [INFO] ThirdParty:981 - CMSIS Pack Vendor :STMicroelectronics X-CUBE-GNSS1 6.0.0
2022-08-23 22:48:09,392 [INFO] ThirdParty:981 - CMSIS Pack Vendor :STMicroelectronics X-CUBE-AZRTOS-H7 2.1.0
2022-08-23 22:48:09,392 [INFO] ThirdParty:981 - CMSIS Pack Vendor :STMicroelectronics USB_HOST 2.0.0
2022-08-23 22:48:09,392 [INFO] ThirdParty:981 - CMSIS Pack Vendor :STMicroelectronics X-CUBE-AZRTOS-F4 1.1.0
2022-08-23 22:48:09,393 [INFO] ThirdParty:981 - CMSIS Pack Vendor :STMicroelectronics LIBJPEG 8.0.0
2022-08-23 22:48:09,393 [INFO] ThirdParty:981 - CMSIS Pack Vendor :wolfSSL I-CUBE-wolfSSL 5.4.0
2022-08-23 22:48:09,393 [INFO] ThirdParty:981 - CMSIS Pack Vendor :STMicroelectronics USB_DEVICE 3.0.0
2022-08-23 22:48:09,393 [INFO] ThirdParty:981 - CMSIS Pack Vendor :STMicroelectronics X-CUBE-BLEMGR 1.0.0
2022-08-23 22:48:09,393 [INFO] ThirdParty:981 - CMSIS Pack Vendor :STMicroelectronics X-CUBE-AZRTOS-F7 1.1.0
2022-08-23 22:48:09,394 [INFO] ThirdParty:981 - CMSIS Pack Vendor :STMicroelectronics USB_DEVICE 2.0.0
2022-08-23 22:48:09,394 [INFO] ThirdParty:981 - CMSIS Pack Vendor :STMicroelectronics X-CUBE-BLE1 6.2.3
2022-08-23 22:48:09,394 [INFO] ThirdParty:981 - CMSIS Pack Vendor :STMicroelectronics X-CUBE-ALGOBUILD 1.3.0
2022-08-23 22:48:09,394 [INFO] ThirdParty:981 - CMSIS Pack Vendor :STMicroelectronics FreeRTOS 0.0.1
2022-08-23 22:48:09,394 [INFO] ThirdParty:981 - CMSIS Pack Vendor :STMicroelectronics X-CUBE-AZRTOS-G0 1.1.0
2022-08-23 22:48:09,394 [INFO] ThirdParty:981 - CMSIS Pack Vendor :STMicroelectronics X-CUBE-SUBG2 5.0.0
2022-08-23 22:48:09,395 [INFO] ThirdParty:981 - CMSIS Pack Vendor :SEGGER I-CUBE-embOS 1.2.0
2022-08-23 22:48:09,395 [INFO] ThirdParty:981 - CMSIS Pack Vendor :STMicroelectronics STM32_WPAN 1.0.0
2022-08-23 22:48:09,395 [INFO] ThirdParty:981 - CMSIS Pack Vendor :STMicroelectronics lwIP 2.0.3
2022-08-23 22:48:09,395 [INFO] ThirdParty:981 - CMSIS Pack Vendor :STMicroelectronics X-CUBE-NFC4 2.0.4
2022-08-23 22:48:09,396 [INFO] ThirdParty:981 - CMSIS Pack Vendor :STMicroelectronics USB_HOST 1.0.0
2022-08-23 22:48:09,396 [INFO] ThirdParty:981 - CMSIS Pack Vendor :STMicroelectronics PDM2PCM 3.1.0
2022-08-23 22:48:09,398 [INFO] ThirdParty:981 - CMSIS Pack Vendor :STMicroelectronics PDM2PCM 3.3.0
2022-08-23 22:48:09,399 [INFO] ThirdParty:981 - CMSIS Pack Vendor :STMicroelectronics X-CUBE-TOF1 3.1.0
2022-08-23 22:48:09,402 [INFO] ThirdParty:981 - CMSIS Pack Vendor :STMicroelectronics FP-ATR-ASTRA1 1.1.0
2022-08-23 22:48:09,402 [INFO] ThirdParty:981 - CMSIS Pack Vendor :STMicroelectronics X-CUBE-AZRTOS-G4 1.0.0
2022-08-23 22:48:09,403 [INFO] ThirdParty:981 - CMSIS Pack Vendor :STMicroelectronics X-CUBE-AZRTOS-L4 1.0.0
2022-08-23 22:48:09,404 [INFO] ThirdParty:981 - CMSIS Pack Vendor :STMicroelectronics HAL Drivers 0.0.0
2022-08-23 22:48:09,404 [INFO] ThirdParty:981 - CMSIS Pack Vendor :STMicroelectronics MBEDTLS 2.16.2
2022-08-23 22:48:09,405 [INFO] ThirdParty:981 - CMSIS Pack Vendor :emotas I-CUBE-CANOPEN 1.1.2
2022-08-23 22:48:09,405 [INFO] ThirdParty:981 - CMSIS Pack Vendor :STMicroelectronics X-CUBE-TOUCHGFX 4.20.0
2022-08-23 22:48:09,406 [INFO] ThirdParty:981 - CMSIS Pack Vendor :STMicroelectronics MBEDTLS 2.14.1
2022-08-23 22:48:09,406 [INFO] ThirdParty:981 - CMSIS Pack Vendor :STMicroelectronics X-CUBE-NFC7 1.0.0
2022-08-23 22:48:09,407 [INFO] ThirdParty:981 - CMSIS Pack Vendor :STMicroelectronics X-CUBE-AZRTOS-WL 1.0.0
2022-08-23 22:48:09,407 [INFO] ThirdParty:981 - CMSIS Pack Vendor :STMicroelectronics X-CUBE-MEMS1 9.3.0
2022-08-23 22:48:09,408 [INFO] ThirdParty:981 - CMSIS Pack Vendor :portGmbH I-Cube-SoM-uGOAL 1.1.0
2022-08-23 22:48:09,408 [INFO] ThirdParty:981 - CMSIS Pack Vendor :STMicroelectronics X-CUBE-ALS 1.0.1
2022-08-23 22:48:09,408 [INFO] ThirdParty:981 - CMSIS Pack Vendor :STMicroelectronics X-CUBE-AI 7.2.0
2022-08-23 22:48:09,408 [INFO] ThirdParty:981 - CMSIS Pack Vendor :STMicroelectronics ThreadX 1.0.0
2022-08-23 22:48:09,409 [INFO] ThirdParty:981 - CMSIS Pack Vendor :STMicroelectronics X-CUBE-AZRTOS-L5 1.0.0
2022-08-23 22:48:09,409 [INFO] ThirdParty:981 - CMSIS Pack Vendor :STMicroelectronics USB_DEVICE 1.0.0
2022-08-23 22:48:09,409 [INFO] ThirdParty:981 - CMSIS Pack Vendor :STMicroelectronics X-CUBE-EEPRMA1 3.1.1
2022-08-23 22:48:09,409 [INFO] ThirdParty:981 - CMSIS Pack Vendor :STMicroelectronics ThreadX 0.0.2
2022-08-23 22:48:09,409 [INFO] ThirdParty:981 - CMSIS Pack Vendor :STMicroelectronics lwIP 2.1.2
2022-08-23 22:48:09,410 [INFO] ThirdParty:981 - CMSIS Pack Vendor :STMicroelectronics X-CUBE-SFXS2LP1 4.0.0
2022-08-23 22:48:09,410 [INFO] ThirdParty:981 - CMSIS Pack Vendor :STMicroelectronics X-CUBE-BLE2 3.3.0
2022-08-23 22:48:09,410 [INFO] ThirdParty:981 - CMSIS Pack Vendor :STMicroelectronics X-CUBE-DISPLAY 2.2.0
2022-08-23 22:48:09,411 [INFO] ThirdParty:981 - CMSIS Pack Vendor :STMicroelectronics PDM2PCM 3.2.0
2022-08-23 22:48:09,411 [INFO] ThirdParty:981 - CMSIS Pack Vendor :STMicroelectronics X-CUBE-ISPU 1.0.0
2022-08-23 22:48:09,413 [INFO] ThirdParty:797 - exiting critical section [change project]
2022-08-23 22:48:10,126 [INFO] PinOutPanel:1468 - setPackage(No Configuration,No Configuration)
2022-08-23 22:48:10,131 [INFO] PinOutPanel:1468 - setPackage(STM32L031K6Tx,LQFP32)
2022-08-23 22:48:11,453 [INFO] UtilMem:74 - Before build in PCC Used Memory: 423821504 Bytes (510656512)
2022-08-23 22:48:14,406 [INFO] UtilMem:74 - After build in PCC Used Memory: 463428968 Bytes (510656512)
2022-08-23 22:48:14,572 [INFO] IPUIPlugin:79 - create IPUIPlugin
2022-08-23 22:48:14,577 [INFO] IPUIPlugin:79 - create IPUIPlugin
2022-08-23 22:48:14,579 [INFO] IPUIPlugin:79 - create IPUIPlugin
2022-08-23 22:48:14,582 [INFO] IPUIPlugin:79 - create IPUIPlugin
2022-08-23 22:48:14,584 [INFO] IPUIPlugin:79 - create IPUIPlugin
2022-08-23 22:48:14,587 [INFO] IPUIPlugin:79 - create IPUIPlugin
2022-08-23 22:48:14,590 [INFO] IPUIPlugin:79 - create IPUIPlugin
2022-08-23 22:48:14,592 [INFO] IPUIPlugin:79 - create IPUIPlugin
2022-08-23 22:48:14,593 [INFO] IPUIPlugin:79 - create IPUIPlugin
2022-08-23 22:48:14,595 [INFO] IPUIPlugin:79 - create IPUIPlugin
2022-08-23 22:48:14,596 [INFO] IPUIPlugin:79 - create IPUIPlugin
2022-08-23 22:48:14,597 [INFO] IPUIPlugin:79 - create IPUIPlugin
2022-08-23 22:48:14,602 [INFO] IPUIPlugin:79 - create IPUIPlugin
2022-08-23 22:48:14,604 [INFO] IPUIPlugin:79 - create IPUIPlugin
2022-08-23 22:48:14,605 [INFO] IPUIPlugin:79 - create IPUIPlugin
2022-08-23 22:48:14,605 [INFO] IPUIPlugin:79 - create IPUIPlugin
2022-08-23 22:48:14,607 [INFO] IPUIPlugin:79 - create IPUIPlugin
2022-08-23 22:48:14,607 [INFO] IPUIPlugin:79 - create IPUIPlugin
2022-08-23 22:48:14,608 [INFO] IPUIPlugin:79 - create IPUIPlugin
2022-08-23 22:48:14,608 [INFO] IPUIPlugin:79 - create IPUIPlugin
2022-08-23 22:48:14,609 [INFO] IPUIPlugin:79 - create IPUIPlugin
2022-08-23 22:48:14,611 [INFO] IPUIPlugin:79 - create IPUIPlugin
2022-08-23 22:48:15,480 [INFO] OpenFileManager:327 - Restore cursor
2022-08-23 22:48:17,775 [INFO] UtilMem:74 - End SaveConfig() Used Memory: 458507288 Bytes (514850816)
2022-08-23 22:48:17,882 [INFO] UtilMem:74 - End SaveConfig() Used Memory: 464556128 Bytes (514850816)
2022-08-23 22:48:18,413 [INFO] BlockDiagram:2753 - set Specific Code input for plugin: ADC
2022-08-23 22:48:18,414 [INFO] BlockDiagram:2753 - set Specific Code input for plugin: NVIC
2022-08-23 22:48:18,414 [INFO] BlockDiagram:2753 - set Specific Code input for plugin: SYS
2022-08-23 22:48:18,414 [INFO] BlockDiagram:2753 - set Specific Code input for plugin: GPIO
2022-08-23 22:48:18,415 [INFO] BlockDiagram:2753 - set Specific Code input for plugin: RCC
2022-08-23 22:48:18,444 [INFO] BlockDiagram:2753 - set Specific Code input for plugin: I2C
2022-08-23 22:48:18,445 [INFO] BlockDiagram:2753 - set Specific Code input for plugin: DMA
2022-08-23 22:48:18,445 [INFO] BlockDiagram:2753 - set Specific Code input for plugin: TIM1_8L0
2022-08-23 22:48:18,446 [INFO] CodeGenerator:690 - code generatio: config db path: /Applications/STM32CubeIDE.app/Contents/Eclipse/plugins/com.st.stm32cube.common.mx_6.6.1.202207061420//db/
2022-08-23 22:48:18,935 [INFO] CodeEngine:245 - oldGeneratedFile, /Users/anemiq/Projects/stm32watch/STM32Watch/MXTmpFiles/license.tmp_save
2022-08-23 22:48:19,381 [INFO] CodeEngine:269 - Generated code: /Users/anemiq/Projects/stm32watch/STM32Watch/MXTmpFiles/license.tmp
2022-08-23 22:48:19,770 [INFO] CodeEngine:245 - oldGeneratedFile, /Users/anemiq/Projects/stm32watch/STM32Watch/MXTmpFiles/gpio.tmp_save
2022-08-23 22:48:20,112 [INFO] CodeEngine:269 - Generated code: /Users/anemiq/Projects/stm32watch/STM32Watch/MXTmpFiles/gpio.tmp
2022-08-23 22:48:21,106 [INFO] CodeEngine:245 - oldGeneratedFile, /Users/anemiq/Projects/stm32watch/STM32Watch/MXTmpFiles/dma.tmp_save
2022-08-23 22:48:21,231 [INFO] CodeEngine:269 - Generated code: /Users/anemiq/Projects/stm32watch/STM32Watch/MXTmpFiles/dma.tmp
2022-08-23 22:48:21,232 [INFO] CodeEngine:245 - oldGeneratedFile, /Users/anemiq/Projects/stm32watch/STM32Watch/MXTmpFiles/dma_GV.tmp_save
2022-08-23 22:48:21,303 [INFO] CodeEngine:269 - Generated code: /Users/anemiq/Projects/stm32watch/STM32Watch/MXTmpFiles/dma_GV.tmp
2022-08-23 22:48:21,316 [INFO] CodeEngine:245 - oldGeneratedFile, /Users/anemiq/Projects/stm32watch/STM32Watch/Core/Src/stm32l0xx_it.c_save
2022-08-23 22:48:21,500 [INFO] CodeEngine:269 - Generated code: /Users/anemiq/Projects/stm32watch/STM32Watch/Core/Src/stm32l0xx_it.c
2022-08-23 22:48:21,501 [INFO] CodeEngine:245 - oldGeneratedFile, /Users/anemiq/Projects/stm32watch/STM32Watch/Core/Inc/stm32l0xx_it.h_save
2022-08-23 22:48:21,717 [INFO] CodeEngine:269 - Generated code: /Users/anemiq/Projects/stm32watch/STM32Watch/Core/Inc/stm32l0xx_it.h
2022-08-23 22:48:21,731 [INFO] CodeEngine:245 - oldGeneratedFile, /Users/anemiq/Projects/stm32watch/STM32Watch/Core/Src/stm32l0xx_hal_msp.c_save
2022-08-23 22:48:22,024 [INFO] CodeEngine:269 - Generated code: /Users/anemiq/Projects/stm32watch/STM32Watch/Core/Src/stm32l0xx_hal_msp.c
2022-08-23 22:48:22,035 [INFO] CodeEngine:245 - oldGeneratedFile, /Users/anemiq/Projects/stm32watch/STM32Watch/MXTmpFiles/system.tmp_save
2022-08-23 22:48:22,144 [INFO] CodeEngine:269 - Generated code: /Users/anemiq/Projects/stm32watch/STM32Watch/MXTmpFiles/system.tmp
2022-08-23 22:48:22,155 [INFO] CodeEngine:245 - oldGeneratedFile, /Users/anemiq/Projects/stm32watch/STM32Watch/Core/Inc/stm32l0xx_hal_conf.h_save
2022-08-23 22:48:22,256 [INFO] CodeEngine:269 - Generated code: /Users/anemiq/Projects/stm32watch/STM32Watch/Core/Inc/stm32l0xx_hal_conf.h
2022-08-23 22:48:22,348 [WARN] IPConfigManager:3348 - IP not found : TIM
2022-08-23 22:48:22,350 [WARN] CodeGenerator:3567 - IP not found : null
2022-08-23 22:48:22,353 [INFO] CodeEngine:245 - oldGeneratedFile, /Users/anemiq/Projects/stm32watch/STM32Watch/Core/Inc/main.h_save
2022-08-23 22:48:22,443 [INFO] CodeEngine:269 - Generated code: /Users/anemiq/Projects/stm32watch/STM32Watch/Core/Inc/main.h
2022-08-23 22:48:22,445 [INFO] CodeEngine:245 - oldGeneratedFile, /Users/anemiq/Projects/stm32watch/STM32Watch/Core/Src/main.c_save
2022-08-23 22:48:22,681 [INFO] CodeEngine:269 - Generated code: /Users/anemiq/Projects/stm32watch/STM32Watch/Core/Src/main.c
2022-08-23 22:48:23,572 [INFO] ProjectBuilder:2919 - Time for Copy HAL[1] : 42mS.
2022-08-23 22:48:23,603 [INFO] ProjectBuilder:4117 - Project Generator version: 3.17.1
2022-08-23 22:48:24,121 [INFO] ConfigFileManager:1394 - The Die is : DIE425
2022-08-23 22:48:24,142 [INFO] ApiDbMcu:505 - Load IP Config File for FATFS
2022-08-23 22:48:24,155 [INFO] ApiDbMcu:505 - Load IP Config File for FREERTOS
2022-08-23 22:48:28,507 [INFO] ProjectBuilder:4285 - Time for Generating toolchain IDE Files: 4896mS.
2022-08-23 22:48:28,513 [INFO] ProjectBuilder:2790 - Time for Copy CMSIS : 2mS.
2022-08-23 22:48:28,515 [INFO] ProjectBuilder:2790 - Time for Copy CMSIS : 0mS.
2022-08-23 22:48:29,057 [INFO] McuFinderGlobals:57 - Set McuFinderConnectedMode to true
2022-08-23 22:48:29,064 [INFO] ApiDb:443 - Save user favorites file /Users/anemiq/.stm32cubeide/favorites.mcus.txt: 0 item(s)
2022-08-23 22:48:29,068 [INFO] ApiDb:447 - User favorites MCUs=[]
2022-08-23 22:49:02,770 [ERROR] LogOutputStream:74 - [STDERR_REDIRECT] 
2022-08-23 22:51:06,482 [INFO] Activator:177 - 


2022-08-23 22:51:06,484 [INFO] Activator:178 - !SESSION log4j initialized
2022-08-23 22:51:12,102 [ERROR] LogOutputStream:74 - [STDERR_REDIRECT] 
2022-08-23 22:51:35,853 [ERROR] LogOutputStream:74 - [STDERR_REDIRECT] SLF4J: Failed to load class "org.slf4j.impl.StaticLoggerBinder".
2022-08-23 22:51:35,853 [ERROR] LogOutputStream:74 - [STDERR_REDIRECT] SLF4J: Defaulting to no-operation (NOP) logger implementation
2022-08-23 22:51:35,854 [ERROR] LogOutputStream:74 - [STDERR_REDIRECT] SLF4J: See http://www.slf4j.org/codes.html#StaticLoggerBinder for further details.
2022-08-23 22:52:01,532 [INFO] Activator:177 - 


2022-08-23 22:52:01,534 [INFO] Activator:178 - !SESSION log4j initialized
2022-08-23 22:52:05,280 [ERROR] LogOutputStream:74 - [STDERR_REDIRECT] 
2022-08-23 22:52:16,276 [INFO] McuFinderGlobals:44 - Set McuFinder mode to 2 (CubeIDE integrated)
2022-08-23 22:52:16,410 [INFO] ApplicationProperties:181 - Using Application install path: /Applications/STM32CubeIDE.app/Contents/Eclipse/plugins/com.st.stm32cube.common.mx_6.6.1.202207061420
2022-08-23 22:52:16,424 [INFO] DbMcusXml:77 - Set database path to: /Applications/STM32CubeIDE.app/Contents/Eclipse/plugins/com.st.stm32cube.common.mx_6.6.1.202207061420//db//mcu/
2022-08-23 22:52:16,425 [INFO] ApiDb:269 - Set plugin database path to: /Applications/STM32CubeIDE.app/Contents/Eclipse/plugins/com.st.stm32cube.common.mx_6.6.1.202207061420//db//plugins/boardmanager/
2022-08-23 22:52:16,430 [WARN] ApiDb:254 - Overriding images path with different value:  => /Applications/STM32CubeIDE.app/Contents/Eclipse/plugins/com.st.stm32cube.common.mx_6.6.1.202207061420//db//plugins/mcufinder/images/
2022-08-23 22:52:16,455 [INFO] ApiDb:249 - Set database path to: /Users/anemiq/.stmcufinder/plugins/mcufinder//mcu/
2022-08-23 22:52:16,458 [INFO] DbMcusAds:124 - Set database path to: /Users/anemiq/.stmcufinder/plugins/mcufinder//mcu/
2022-08-23 22:52:16,463 [INFO] CrossReferenceDbSqlite:201 - Set database path to: /Users/anemiq/.stmcufinder/plugins/mcufinder//mcu/cs/
2022-08-23 22:52:16,625 [INFO] RulesReader:61 - Compatibility file has been processed (282 Rules)
2022-08-23 22:52:16,714 [INFO] DbMcusXml:77 - Set database path to: /Applications/STM32CubeIDE.app/Contents/Eclipse/plugins/com.st.stm32cube.common.mx_6.6.1.202207061420//db//mcu/
2022-08-23 22:52:16,715 [INFO] ApiDb:269 - Set plugin database path to: /Applications/STM32CubeIDE.app/Contents/Eclipse/plugins/com.st.stm32cube.common.mx_6.6.1.202207061420//db//plugins/boardmanager/
2022-08-23 22:52:16,719 [INFO] ApiDb:256 - Set plugin images path to: /Applications/STM32CubeIDE.app/Contents/Eclipse/plugins/com.st.stm32cube.common.mx_6.6.1.202207061420//db//plugins/mcufinder/images/
2022-08-23 22:52:16,719 [WARN] DbFile:40 - Overriding database path with different value: /Users/anemiq/.stmcufinder/plugins/mcufinder/ => /Users/anemiq/.stmcufinder/plugins/mcufinder
2022-08-23 22:52:16,719 [INFO] ApiDb:249 - Set database path to: /Users/anemiq/.stmcufinder/plugins/mcufinder//mcu/
2022-08-23 22:52:16,719 [WARN] DbFile:40 - Overriding database path with different value: /Users/anemiq/.stmcufinder/plugins/mcufinder/ => /Users/anemiq/.stmcufinder/plugins/mcufinder
2022-08-23 22:52:16,720 [INFO] DbMcusAds:124 - Set database path to: /Users/anemiq/.stmcufinder/plugins/mcufinder//mcu/
2022-08-23 22:52:16,722 [WARN] DbFile:40 - Overriding database path with different value: /Users/anemiq/.stmcufinder/plugins/mcufinder/ => /Users/anemiq/.stmcufinder/plugins/mcufinder
2022-08-23 22:52:16,722 [WARN] DbFile:40 - Overriding database path with different value: /Users/anemiq/.stmcufinder/plugins/mcufinder/ => /Users/anemiq/.stmcufinder/plugins/mcufinder
2022-08-23 22:52:16,723 [INFO] CrossReferenceDbSqlite:201 - Set database path to: /Users/anemiq/.stmcufinder/plugins/mcufinder//mcu/cs/
2022-08-23 22:52:16,814 [INFO] MainPanel:242 - HeapMemory: 268435456
2022-08-23 22:52:16,911 [INFO] DbMcusXml:77 - Set database path to: /Applications/STM32CubeIDE.app/Contents/Eclipse/plugins/com.st.stm32cube.common.mx_6.6.1.202207061420//db//mcu/
2022-08-23 22:52:16,911 [INFO] ApiDb:269 - Set plugin database path to: /Applications/STM32CubeIDE.app/Contents/Eclipse/plugins/com.st.stm32cube.common.mx_6.6.1.202207061420//db//plugins/boardmanager/
2022-08-23 22:52:16,911 [INFO] ApiDb:256 - Set plugin images path to: /Applications/STM32CubeIDE.app/Contents/Eclipse/plugins/com.st.stm32cube.common.mx_6.6.1.202207061420//db//plugins/mcufinder/images/
2022-08-23 22:52:16,912 [WARN] DbFile:40 - Overriding database path with different value: /Users/anemiq/.stmcufinder/plugins/mcufinder/ => /Users/anemiq/.stmcufinder/plugins/mcufinder
2022-08-23 22:52:16,912 [INFO] ApiDb:249 - Set database path to: /Users/anemiq/.stmcufinder/plugins/mcufinder//mcu/
2022-08-23 22:52:16,912 [WARN] DbFile:40 - Overriding database path with different value: /Users/anemiq/.stmcufinder/plugins/mcufinder/ => /Users/anemiq/.stmcufinder/plugins/mcufinder
2022-08-23 22:52:16,912 [INFO] DbMcusAds:124 - Set database path to: /Users/anemiq/.stmcufinder/plugins/mcufinder//mcu/
2022-08-23 22:52:16,913 [WARN] DbFile:40 - Overriding database path with different value: /Users/anemiq/.stmcufinder/plugins/mcufinder/ => /Users/anemiq/.stmcufinder/plugins/mcufinder
2022-08-23 22:52:16,913 [WARN] DbFile:40 - Overriding database path with different value: /Users/anemiq/.stmcufinder/plugins/mcufinder/ => /Users/anemiq/.stmcufinder/plugins/mcufinder
2022-08-23 22:52:16,913 [INFO] CrossReferenceDbSqlite:201 - Set database path to: /Users/anemiq/.stmcufinder/plugins/mcufinder//mcu/cs/
2022-08-23 22:52:16,933 [INFO] ApplicationProperties:181 - Using Application install path: /Applications/STM32CubeIDE.app/Contents/Eclipse/plugins/com.st.stm32cube.common.mx_6.6.1.202207061420
2022-08-23 22:52:16,935 [INFO] PluginManage:193 - Search for loadable plugins [exclusion list=, ]
2022-08-23 22:52:16,938 [INFO] PluginManage:307 - Check plugin analytics
2022-08-23 22:52:17,167 [INFO] AnalyticsPlugin:262 - Accepted Software Licenses: 
2022-08-23 22:52:17,173 [INFO] AnalyticsPlugin:264 - Accepted CMSIS Pack Licenses: 
2022-08-23 22:52:17,173 [INFO] AnalyticsPlugin:266 - Accepted Firmware Licenses: 
2022-08-23 22:52:17,189 [INFO] PluginManage:356 - Loaded plugin analytics (category:tool,tabindex:-1)
2022-08-23 22:52:17,191 [INFO] PluginManage:307 - Check plugin cadmodel
2022-08-23 22:52:17,203 [INFO] CADModel:65 - Init CAD model plugin
2022-08-23 22:52:17,203 [INFO] PluginManage:356 - Loaded plugin cadmodel (category:power,tabindex:5)
2022-08-23 22:52:17,204 [INFO] PluginManage:307 - Check plugin clock
2022-08-23 22:52:17,216 [INFO] PluginManage:356 - Loaded plugin clock (category:base,tabindex:2)
2022-08-23 22:52:17,217 [INFO] PluginManage:307 - Check plugin ddr
2022-08-23 22:52:17,219 [INFO] PluginManage:356 - Loaded plugin ddr (category:tool,tabindex:6)
2022-08-23 22:52:17,219 [INFO] PluginManage:307 - Check plugin filemanager
2022-08-23 22:52:17,367 [INFO] PluginManage:356 - Loaded plugin filemanager (category:base,tabindex:10)
2022-08-23 22:52:17,368 [INFO] PluginManage:307 - Check plugin ipmanager
2022-08-23 22:52:17,377 [INFO] PluginManage:356 - Loaded plugin ipmanager (category:base,tabindex:5)
2022-08-23 22:52:17,377 [INFO] PluginManage:307 - Check plugin lpbam
2022-08-23 22:52:17,387 [INFO] PluginManage:356 - Loaded plugin lpbam (category:base,tabindex:0)
2022-08-23 22:52:17,387 [INFO] PluginManage:307 - Check plugin pinoutandconfiguration
2022-08-23 22:52:17,394 [INFO] PluginManage:356 - Loaded plugin pinoutandconfiguration (category:base,tabindex:1)
2022-08-23 22:52:17,394 [INFO] PluginManage:307 - Check plugin pinoutconfig
2022-08-23 22:52:17,432 [INFO] PluginManage:356 - Loaded plugin pinoutconfig (category:base,tabindex:0)
2022-08-23 22:52:17,435 [INFO] PluginManage:307 - Check plugin power
2022-08-23 22:52:17,450 [INFO] PluginManage:356 - Loaded plugin power (category:power,tabindex:4)
2022-08-23 22:52:17,451 [INFO] PluginManage:307 - Check plugin projectmanager
2022-08-23 22:52:17,479 [INFO] PluginManage:356 - Loaded plugin projectmanager (category:projectmanager,tabindex:3)
2022-08-23 22:52:17,479 [INFO] PluginManage:307 - Check plugin thirdparty
2022-08-23 22:52:17,646 [WARN] IntegrityCheckThread:82 - waiting for thirdparty lock release [integrity check]
2022-08-23 22:52:17,647 [INFO] PluginManage:356 - Loaded plugin thirdparty (category:base,tabindex:-1)
2022-08-23 22:52:17,647 [INFO] IntegrityCheckThread:84 - entering critical section [integrity check]
2022-08-23 22:52:17,648 [INFO] PluginManage:307 - Check plugin tools
2022-08-23 22:52:17,654 [INFO] PluginManage:356 - Loaded plugin tools (category:base,tabindex:7)
2022-08-23 22:52:17,655 [INFO] PluginManage:307 - Check plugin tutovideos
2022-08-23 22:52:17,660 [INFO] ThirdPartyUpdaterWithRetryManager:70 - Updater plugin not ready yet. [1/15]
2022-08-23 22:52:17,855 [INFO] PluginManage:356 - Loaded plugin tutovideos (category:base,tabindex:-1)
2022-08-23 22:52:17,856 [INFO] PluginManage:307 - Check plugin updater
2022-08-23 22:52:17,880 [INFO] PluginManage:356 - Loaded plugin updater (category:base,tabindex:12)
2022-08-23 22:52:17,881 [INFO] PluginManage:280 - PluginManage : Loaded plugins [15]
2022-08-23 22:52:18,388 [INFO] PinOutPanel:1468 - setPackage(No Configuration,No Configuration)
2022-08-23 22:52:18,465 [INFO] CADModel:98 - CPN selected for project level
2022-08-23 22:52:18,483 [INFO] IPUIPlugin:79 - create IPUIPlugin
2022-08-23 22:52:18,484 [INFO] PluginManager:217 - loadIPPluginJar : add mdma
2022-08-23 22:52:18,493 [INFO] IPUIPlugin:79 - create IPUIPlugin
2022-08-23 22:52:18,493 [INFO] PluginManager:217 - loadIPPluginJar : add freertos
2022-08-23 22:52:18,498 [INFO] IPUIPlugin:79 - create IPUIPlugin
2022-08-23 22:52:18,499 [INFO] PluginManager:217 - loadIPPluginJar : add gic
2022-08-23 22:52:18,508 [INFO] IPUIPlugin:79 - create IPUIPlugin
2022-08-23 22:52:18,509 [INFO] PluginManager:217 - loadIPPluginJar : add adc
2022-08-23 22:52:18,511 [INFO] IPUIPlugin:79 - create IPUIPlugin
2022-08-23 22:52:18,511 [INFO] PluginManager:217 - loadIPPluginJar : add gtzc
2022-08-23 22:52:18,514 [INFO] IPUIPlugin:79 - create IPUIPlugin
2022-08-23 22:52:18,514 [INFO] PluginManager:217 - loadIPPluginJar : add quadspi
2022-08-23 22:52:18,516 [INFO] IPUIPlugin:79 - create IPUIPlugin
2022-08-23 22:52:18,516 [INFO] PluginManager:217 - loadIPPluginJar : add aes
2022-08-23 22:52:18,519 [INFO] IPUIPlugin:79 - create IPUIPlugin
2022-08-23 22:52:18,519 [INFO] PluginManager:217 - loadIPPluginJar : add pdm2pcm
2022-08-23 22:52:18,521 [INFO] IPUIPlugin:79 - create IPUIPlugin
2022-08-23 22:52:18,521 [INFO] PluginManager:217 - loadIPPluginJar : add hash
2022-08-23 22:52:18,523 [INFO] IPUIPlugin:79 - create IPUIPlugin
2022-08-23 22:52:18,523 [INFO] PluginManager:217 - loadIPPluginJar : add tim
2022-08-23 22:52:18,524 [INFO] IPUIPlugin:79 - create IPUIPlugin
2022-08-23 22:52:18,525 [INFO] PluginManager:217 - loadIPPluginJar : add tsc
2022-08-23 22:52:18,526 [INFO] IPUIPlugin:79 - create IPUIPlugin
2022-08-23 22:52:18,526 [INFO] PluginManager:217 - loadIPPluginJar : add ts
2022-08-23 22:52:18,528 [INFO] IPUIPlugin:79 - create IPUIPlugin
2022-08-23 22:52:18,528 [INFO] PluginManager:217 - loadIPPluginJar : add can
2022-08-23 22:52:18,530 [INFO] IPUIPlugin:79 - create IPUIPlugin
2022-08-23 22:52:18,530 [INFO] PluginManager:217 - loadIPPluginJar : add dma3
2022-08-23 22:52:18,531 [INFO] IPUIPlugin:79 - create IPUIPlugin
2022-08-23 22:52:18,532 [INFO] PluginManager:217 - loadIPPluginJar : add dfsdm
2022-08-23 22:52:18,533 [INFO] IPUIPlugin:79 - create IPUIPlugin
2022-08-23 22:52:18,533 [INFO] PluginManager:217 - loadIPPluginJar : add spi
2022-08-23 22:52:18,535 [INFO] IPUIPlugin:79 - create IPUIPlugin
2022-08-23 22:52:18,536 [INFO] PluginManager:217 - loadIPPluginJar : add gfxmmu
2022-08-23 22:52:18,540 [INFO] IPUIPlugin:79 - create IPUIPlugin
2022-08-23 22:52:18,540 [INFO] PluginManager:217 - loadIPPluginJar : add genericplugin
2022-08-23 22:52:18,543 [INFO] IPUIPlugin:79 - create IPUIPlugin
2022-08-23 22:52:18,548 [INFO] PluginManager:217 - loadIPPluginJar : add cryp
2022-08-23 22:52:18,552 [INFO] IPUIPlugin:79 - create IPUIPlugin
2022-08-23 22:52:18,553 [INFO] PluginManager:217 - loadIPPluginJar : add gpio
2022-08-23 22:52:18,554 [INFO] IPUIPlugin:79 - create IPUIPlugin
2022-08-23 22:52:18,554 [INFO] PluginManager:217 - loadIPPluginJar : add comp
2022-08-23 22:52:18,555 [INFO] IPUIPlugin:79 - create IPUIPlugin
2022-08-23 22:52:18,556 [INFO] PluginManager:217 - loadIPPluginJar : add tracer_emb
2022-08-23 22:52:18,558 [INFO] IPUIPlugin:79 - create IPUIPlugin
2022-08-23 22:52:18,558 [INFO] PluginManager:217 - loadIPPluginJar : add openamp
2022-08-23 22:52:18,561 [INFO] IPUIPlugin:79 - create IPUIPlugin
2022-08-23 22:52:18,562 [INFO] PluginManager:217 - loadIPPluginJar : add stm32_wpan
2022-08-23 22:52:18,567 [INFO] IPUIPlugin:79 - create IPUIPlugin
2022-08-23 22:52:18,577 [INFO] PluginManager:217 - loadIPPluginJar : add plateformsettings
2022-08-23 22:52:18,580 [INFO] IPUIPlugin:79 - create IPUIPlugin
2022-08-23 22:52:18,580 [INFO] PluginManager:217 - loadIPPluginJar : add ipddr
2022-08-23 22:52:18,583 [INFO] IPUIPlugin:79 - create IPUIPlugin
2022-08-23 22:52:18,583 [INFO] PluginManager:217 - loadIPPluginJar : add usart
2022-08-23 22:52:18,584 [INFO] IPUIPlugin:79 - create IPUIPlugin
2022-08-23 22:52:18,585 [INFO] PluginManager:217 - loadIPPluginJar : add ltdc
2022-08-23 22:52:18,588 [INFO] IPUIPlugin:79 - create IPUIPlugin
2022-08-23 22:52:18,589 [INFO] PluginManager:217 - loadIPPluginJar : add nvic
2022-08-23 22:52:18,590 [INFO] IPUIPlugin:79 - create IPUIPlugin
2022-08-23 22:52:18,590 [INFO] PluginManager:217 - loadIPPluginJar : add fatfs
2022-08-23 22:52:18,596 [INFO] IPUIPlugin:79 - create IPUIPlugin
2022-08-23 22:52:18,596 [INFO] PluginManager:217 - loadIPPluginJar : add linkedlist
2022-08-23 22:52:18,602 [INFO] IPUIPlugin:79 - create IPUIPlugin
2022-08-23 22:52:18,602 [INFO] PluginManager:217 - loadIPPluginJar : add dma
2022-08-23 22:52:18,605 [INFO] IPUIPlugin:79 - create IPUIPlugin
2022-08-23 22:52:18,606 [INFO] PluginManager:217 - loadIPPluginJar : add fmc
2022-08-23 22:52:18,608 [INFO] IPUIPlugin:79 - create IPUIPlugin
2022-08-23 22:52:18,608 [INFO] PluginManager:217 - loadIPPluginJar : add i2s
2022-08-23 22:52:18,609 [INFO] IPUIPlugin:79 - create IPUIPlugin
2022-08-23 22:52:18,610 [INFO] PluginManager:217 - loadIPPluginJar : add ucpd
2022-08-23 22:52:18,611 [INFO] IPUIPlugin:79 - create IPUIPlugin
2022-08-23 22:52:18,611 [INFO] PluginManager:217 - loadIPPluginJar : add lorawan
2022-08-23 22:52:18,613 [INFO] IPUIPlugin:79 - create IPUIPlugin
2022-08-23 22:52:18,613 [INFO] PluginManager:217 - loadIPPluginJar : add opamp
2022-08-23 22:52:18,615 [INFO] IPUIPlugin:79 - create IPUIPlugin
2022-08-23 22:52:18,616 [INFO] PluginManager:217 - loadIPPluginJar : add touchsensing
2022-08-23 22:52:18,617 [INFO] IPUIPlugin:79 - create IPUIPlugin
2022-08-23 22:52:18,617 [INFO] PluginManager:217 - loadIPPluginJar : add i2c
2022-08-23 22:52:18,620 [INFO] IPUIPlugin:79 - create IPUIPlugin
2022-08-23 22:52:18,620 [INFO] PluginManager:217 - loadIPPluginJar : add resmgrutility
2022-08-23 22:52:18,623 [INFO] IPUIPlugin:79 - create IPUIPlugin
2022-08-23 22:52:18,623 [INFO] PluginManager:217 - loadIPPluginJar : add sai
2022-08-23 22:52:18,626 [INFO] IPUIPlugin:79 - create IPUIPlugin
2022-08-23 22:52:18,627 [INFO] PluginManager:217 - loadIPPluginJar : add usbx
2022-08-23 22:52:19,002 [FATAL] Updater:301 - Updater called before beeing initialized
2022-08-23 22:52:19,250 [FATAL] Updater:301 - Updater called before beeing initialized
2022-08-23 22:52:19,263 [INFO] DbMcusAds:52 - JSON generation date=Thu Sep 30 08:55:09 CEST 2021 (1632984909377)
2022-08-23 22:52:19,264 [FATAL] Updater:301 - Updater called before beeing initialized
2022-08-23 22:52:19,318 [WARN] DetailPanel:344 - Failed to get advertising image, set to default
2022-08-23 22:52:19,427 [FATAL] Updater:301 - Updater called before beeing initialized
2022-08-23 22:52:19,430 [FATAL] Updater:301 - Updater called before beeing initialized
2022-08-23 22:52:19,430 [FATAL] Updater:301 - Updater called before beeing initialized
2022-08-23 22:52:19,431 [WARN] DetailPanel:344 - Failed to get advertising image, set to default
2022-08-23 22:52:19,432 [FATAL] Updater:301 - Updater called before beeing initialized
2022-08-23 22:52:19,495 [ERROR] Updater:1105 - MainUpdater not yet initialized. External WinMGr cannot be set.
2022-08-23 22:52:19,548 [INFO] Updater:1041 - Updater Version found : 6.6.1
2022-08-23 22:52:19,565 [INFO] ApplicationProperties:181 - Using Application install path: /Applications/STM32CubeIDE.app/Contents/Eclipse/plugins/com.st.stm32cube.common.mx_6.6.1.202207061420
2022-08-23 22:52:19,914 [INFO] MainUpdater:2768 - connection check result : 10
2022-08-23 22:52:19,916 [INFO] MainUpdater:280 - Updater Check For Update Now.
2022-08-23 22:52:19,917 [INFO] MicroXplorer:481 - Change Database Version : DB.6.0.60
2022-08-23 22:52:20,150 [INFO] CheckServerUpdateThread:119 - End of CheckServer Thread
2022-08-23 22:52:20,330 [INFO] MainUpdater:2768 - connection check result : 10
2022-08-23 22:52:20,894 [WARN] PackLoader:242 - Cannot read IP mode file for STMicroelectronics.X-CUBE-GNSS1.6.0.0
2022-08-23 22:52:20,969 [INFO] McuFinderGlobals:57 - Set McuFinderConnectedMode to true
2022-08-23 22:52:20,978 [INFO] MultiScanPanel:195 - Auto-refresh data requested => check proxy status ongoing
2022-08-23 22:52:20,982 [INFO] FinderPluginLoader:92 - Searching for filters in installed packs
2022-08-23 22:52:20,996 [WARN] PackLoader:242 - Cannot read IP mode file for STMicroelectronics.X-CUBE-AZRTOS-F4.1.1.0
2022-08-23 22:52:21,113 [WARN] PackLoader:242 - Cannot read IP mode file for STMicroelectronics.X-CUBE-AZRTOS-F7.1.1.0
2022-08-23 22:52:21,149 [WARN] PackLoader:242 - Cannot read IP mode file for STMicroelectronics.X-CUBE-BLE1.6.2.3
2022-08-23 22:52:21,173 [WARN] PackLoader:242 - Cannot read IP mode file for STMicroelectronics.X-CUBE-NFC4.2.0.4
2022-08-23 22:52:21,201 [WARN] PackLoader:242 - Cannot read IP mode file for STMicroelectronics.X-CUBE-TOF1.3.1.0
2022-08-23 22:52:21,228 [WARN] PackLoader:242 - Cannot read IP mode file for STMicroelectronics.X-CUBE-NFC7.1.0.0
2022-08-23 22:52:21,281 [INFO] ApiDb:576 - Connected to CubeFinder SQLite database (/Users/anemiq/.stmcufinder/plugins/mcufinder/mcu/cube-finder-db.db)
2022-08-23 22:52:21,332 [INFO] ApiDb:663 - CubeFinder database Data Model version=2.1
2022-08-23 22:52:21,332 [INFO] ApiDb:664 - CubeFinder database Configuration version=3.0.32
2022-08-23 22:52:21,332 [INFO] ApiDb:665 - CubeFinder database generation date=2022-08-05 (1659688109)
2022-08-23 22:52:21,332 [INFO] ApiDb:666 - CubeFinder database FW Pack versions=[STM32Cube_FW_C0_V1.0.0, STM32Cube_FW_F4_V1.27.1, STM32Cube_FW_F7_V1.17.0, STM32Cube_FW_G0_V1.6.1, STM32Cube_FW_G4_V1.5.0, STM32Cube_FW_H7_V1.10.0, STM32Cube_FW_L5_V1.4.0, STM32Cube_FW_U5_V1.1.1, STM32Cube_FW_WB_V1.14.1, STM32Cube_FW_WL_V1.2.0, X-CUBE-ALGOBUILD_V1.3.0, X-CUBE-ALS_V1.0.1, X-CUBE-AZRTOS-F4_V1.1.0, X-CUBE-AZRTOS-F7_V1.1.0, X-CUBE-AZRTOS-G0_V1.1.0, X-CUBE-AZRTOS-G4_V1.0.0, X-CUBE-AZRTOS-H7_V2.1.0, X-CUBE-AZRTOS-L4_V1.0.0, X-CUBE-AZRTOS-L5_V1.0.0, X-CUBE-AZRTOS-WL_V1.0.0, X-CUBE-BLE1_V6.2.3, X-CUBE-BLE2_V3.3.0, X-CUBE-EEPRMA1_V3.1.1, X-CUBE-GNSS1_V6.0.0, X-CUBE-MEMS1_V9.1.0, X-CUBE-MEMS1_V9.3.0, X-CUBE-NFC4_V2.0.4, X-CUBE-NFC7_V1.0.0, X-CUBE-SFXS2LP1_V4.0.0, X-CUBE-SUBG2_V5.0.0]
2022-08-23 22:52:21,461 [WARN] PackLoader:242 - Cannot read IP mode file for STMicroelectronics.X-CUBE-MEMS1.9.3.0
2022-08-23 22:52:21,800 [WARN] PackLoader:242 - Cannot read IP mode file for STMicroelectronics.X-CUBE-AI.7.2.0
2022-08-23 22:52:21,838 [WARN] PackLoader:242 - Cannot read IP mode file for STMicroelectronics.X-CUBE-SFXS2LP1.4.0.0
2022-08-23 22:52:21,864 [WARN] PackLoader:242 - Cannot read IP mode file for STMicroelectronics.X-CUBE-BLE2.3.3.0
2022-08-23 22:52:21,877 [WARN] PackLoader:242 - Cannot read IP mode file for STMicroelectronics.X-CUBE-DISPLAY.2.2.0
2022-08-23 22:52:21,885 [WARN] PackLoader:242 - Cannot read IP mode file for STMicroelectronics.X-CUBE-ISPU.1.0.0
2022-08-23 22:52:21,898 [WARN] PackLoader:242 - Cannot read IP mode file for RoweBots.I-CUBE-UNISONRTOS.5.5.0-4
2022-08-23 22:52:21,931 [WARN] PackLoader:242 - Cannot read IP mode file for STMicroelectronics.X-CUBE-AZRTOS-H7.2.1.0
2022-08-23 22:52:21,940 [WARN] PackLoader:242 - Cannot read IP mode file for wolfSSL.I-CUBE-wolfSSL.5.4.0
2022-08-23 22:52:21,956 [WARN] PackLoader:242 - Cannot read IP mode file for STMicroelectronics.X-CUBE-BLEMGR.1.0.0
2022-08-23 22:52:21,967 [WARN] PackLoader:242 - Cannot read IP mode file for STMicroelectronics.X-CUBE-ALGOBUILD.1.3.0
2022-08-23 22:52:21,993 [WARN] PackLoader:242 - Cannot read IP mode file for STMicroelectronics.X-CUBE-AZRTOS-G0.1.1.0
2022-08-23 22:52:22,015 [WARN] PackLoader:242 - Cannot read IP mode file for STMicroelectronics.X-CUBE-SUBG2.5.0.0
2022-08-23 22:52:22,111 [WARN] PackLoader:242 - Cannot read IP mode file for SEGGER.I-CUBE-embOS.1.2.0
2022-08-23 22:52:22,158 [WARN] PackLoader:242 - Cannot read IP mode file for STMicroelectronics.FP-ATR-ASTRA1.1.1.0
2022-08-23 22:52:22,206 [WARN] PackLoader:242 - Cannot read IP mode file for STMicroelectronics.X-CUBE-AZRTOS-G4.1.0.0
2022-08-23 22:52:22,257 [WARN] PackLoader:242 - Cannot read IP mode file for STMicroelectronics.X-CUBE-AZRTOS-L4.1.0.0
2022-08-23 22:52:22,302 [WARN] PackLoader:242 - Cannot read IP mode file for emotas.I-CUBE-CANOPEN.1.1.2
2022-08-23 22:52:22,327 [WARN] PackLoader:242 - Cannot read IP mode file for STMicroelectronics.X-CUBE-TOUCHGFX.4.20.0
2022-08-23 22:52:22,353 [WARN] PackLoader:242 - Cannot read IP mode file for STMicroelectronics.X-CUBE-AZRTOS-WL.1.0.0
2022-08-23 22:52:22,381 [WARN] PackLoader:242 - Cannot read IP mode file for portGmbH.I-Cube-SoM-uGOAL.1.1.0
2022-08-23 22:52:22,391 [WARN] PackLoader:242 - Cannot read IP mode file for STMicroelectronics.X-CUBE-ALS.1.0.1
2022-08-23 22:52:22,437 [WARN] PackLoader:242 - Cannot read IP mode file for STMicroelectronics.X-CUBE-AZRTOS-L5.1.0.0
2022-08-23 22:52:22,475 [WARN] PackLoader:242 - Cannot read IP mode file for STMicroelectronics.X-CUBE-EEPRMA1.3.1.1
2022-08-23 22:52:22,477 [INFO] ThirdParty:929 - Integrity check success = true
2022-08-23 22:52:22,480 [INFO] IntegrityCheckThread:98 - exiting critical section [integrity check]
2022-08-23 22:52:22,480 [INFO] IntegrityCheckThread:101 - End integrity checks thread
2022-08-23 22:52:22,937 [INFO] ApiDb:239 - Found 138 in-development CPN: [B-WB1M-WPAN1, NUCLEO-C031C6, STEVAL-STWINBX1, STM320518-EVAL, STM32C0116-DK, STM32C011D6Y3TR, STM32C011D6Y6TR, STM32C011F4P3, STM32C011F4P6, STM32C011F4U3, STM32C011F4U6TR, STM32C011F6P3, STM32C011F6P6, STM32C011F6U3, STM32C011F6U6TR, STM32C011J4M3, STM32C011J4M6, STM32C011J6M3, STM32C011J6M6, STM32C0316-DK, STM32C031C4T3, STM32C031C4T6, STM32C031C4U3, STM32C031C4U6, STM32C031C6T3, STM32C031C6T6, STM32C031C6U3, STM32C031C6U6, STM32C031F4P3, STM32C031F4P6, STM32C031F6P3, STM32C031F6P6, STM32C031G4U3, STM32C031G4U6, STM32C031G6U3, STM32C031G6U6, STM32C031K4T3, STM32C031K4T6, STM32C031K4U3, STM32C031K4U6, STM32C031K6T3, STM32C031K6T6, STM32C031K6U3, STM32C031K6U6, STM32G071K8TXN, STM32G071K8UXN, STM32G081GBU6N, STM32G081KBT6N, STM32G081KBUXN, STM32G0B1CCT6N, STM32G0B1KCT6, STM32G0B1NEY6TR, STM32G0B1RCT6N, STM32G0C1CCT6, STM32G0C1CCT6N, STM32G0C1CCU6N, STM32G0C1CET6N, STM32G0C1CEU6N, STM32G0C1KCT6, STM32G0C1NEY6TR, STM32G0C1RCI6N, STM32G0C1RCT6N, STM32G0C1REI6N, STM32G0C1RET6N, STM32G0C1VCI6, STM32G0C1VEI6, STM32G471CCT6, STM32G471CCU6, STM32G471CET3, STM32G471CET6, STM32G471CEU3, STM32G471CEU6, STM32G471MCT6, STM32G471MET3, STM32G471MET6, STM32G471MEY6TR, STM32G471QCT6, STM32G471QET3, STM32G471RCT6, STM32G471RET3, STM32G471RET6, STM32G471VCH6, STM32G471VCI6, STM32G471VCT6, STM32G471VEH3, STM32G471VEH6, STM32G471VEI3, STM32G471VEI6, STM32G471VET3, STM32G471VET6, STM32G474CCT6, STM32L476VGY6PTR, STM32L4R5QGI6STR, STM32MP131AAE3, STM32MP131AAF3, STM32MP131AAG3, STM32MP131CAE3, STM32MP131CAF3, STM32MP131CAG3, STM32MP131DAE7, STM32MP131DAF7, STM32MP131DAG7, STM32MP131FAE7, STM32MP131FAF7, STM32MP131FAG7, STM32MP133AAE3, STM32MP133AAF3, STM32MP133AAG3, STM32MP133CAE3, STM32MP133CAF3, STM32MP133CAG3, STM32MP133DAE7, STM32MP133DAF7, STM32MP133DAG7, STM32MP133FAE7, STM32MP133FAF7, STM32MP133FAG7, STM32MP135AAE3, STM32MP135AAF3, STM32MP135AAG3, STM32MP135CAE3, STM32MP135CAF3, STM32MP135CAG3, STM32MP135DAE7, STM32MP135DAF7, STM32MP135DAG7, STM32MP135F-DK, STM32MP135FAE7, STM32MP135FAF7, STM32MP135FAG7, STM32U595ZJT6Q, STM32U599BJY6QTR, STM32U599NIH6Q, STM32U599NJH6Q, STM32U5A5ZJT6Q, STM32U5A9BJY6QTR, STM32U5A9NJH6Q, STM32WB1MMCH6]
2022-08-23 22:52:22,953 [INFO] DbMcus:215 - Found 3542 MCUs, 3542 are supported
2022-08-23 22:52:22,956 [INFO] ApiDb:418 - Load user favorites file /Users/anemiq/.stm32cubeide/favorites.mcus.txt: 0 item(s)
2022-08-23 22:52:22,957 [INFO] ApiDb:422 - User favorites MCUs=[]
2022-08-23 22:52:22,957 [INFO] DbMcus:221 - Set 0 / 0 favorites MCUs
2022-08-23 22:52:24,620 [INFO] LoadUrlFilesThread:177 - End of LoadServerUrlFiles without Thread
2022-08-23 22:52:24,671 [INFO] DetailPanel:339 - Set advertising image to /Users/anemiq/STM32Cube/Repository//en.Prom_NBSTM32U50921.jpg
2022-08-23 22:52:25,644 [INFO] MultiScanPanel:778 - Auto Refresh Data is not needed
2022-08-23 22:52:25,667 [INFO] ApiDb:663 - CubeFinder database Data Model version=2.1
2022-08-23 22:52:25,668 [INFO] ApiDb:664 - CubeFinder database Configuration version=3.0.32
2022-08-23 22:52:25,668 [INFO] ApiDb:665 - CubeFinder database generation date=2022-08-05 (1659688109)
2022-08-23 22:52:25,668 [INFO] ApiDb:666 - CubeFinder database FW Pack versions=[STM32Cube_FW_C0_V1.0.0, STM32Cube_FW_F4_V1.27.1, STM32Cube_FW_F7_V1.17.0, STM32Cube_FW_G0_V1.6.1, STM32Cube_FW_G4_V1.5.0, STM32Cube_FW_H7_V1.10.0, STM32Cube_FW_L5_V1.4.0, STM32Cube_FW_U5_V1.1.1, STM32Cube_FW_WB_V1.14.1, STM32Cube_FW_WL_V1.2.0, X-CUBE-ALGOBUILD_V1.3.0, X-CUBE-ALS_V1.0.1, X-CUBE-AZRTOS-F4_V1.1.0, X-CUBE-AZRTOS-F7_V1.1.0, X-CUBE-AZRTOS-G0_V1.1.0, X-CUBE-AZRTOS-G4_V1.0.0, X-CUBE-AZRTOS-H7_V2.1.0, X-CUBE-AZRTOS-L4_V1.0.0, X-CUBE-AZRTOS-L5_V1.0.0, X-CUBE-AZRTOS-WL_V1.0.0, X-CUBE-BLE1_V6.2.3, X-CUBE-BLE2_V3.3.0, X-CUBE-EEPRMA1_V3.1.1, X-CUBE-GNSS1_V6.0.0, X-CUBE-MEMS1_V9.1.0, X-CUBE-MEMS1_V9.3.0, X-CUBE-NFC4_V2.0.4, X-CUBE-NFC7_V1.0.0, X-CUBE-SFXS2LP1_V4.0.0, X-CUBE-SUBG2_V5.0.0]
2022-08-23 22:52:25,774 [INFO] DbBoardsSqlite:227 - include board P-NUCLEO-WB55-NUCLEO as a kit item of type 'Nucleo-64'
2022-08-23 22:52:25,775 [INFO] DbBoardsSqlite:227 - include board P-NUCLEO-WB55-USBDONGLE as a kit item of type 'Nucleo USB Dongle'
2022-08-23 22:52:25,775 [INFO] DbBoardsSqlite:227 - include board STEVAL-IDP005V1 as a kit item of type 'Evaluation Board'
2022-08-23 22:52:25,775 [INFO] DbBoardsSqlite:227 - include board STEVAL-IDP005V2 as a kit item of type 'Evaluation Board'
2022-08-23 22:52:25,788 [INFO] ApiDb:239 - Found 138 in-development CPN: [B-WB1M-WPAN1, NUCLEO-C031C6, STEVAL-STWINBX1, STM320518-EVAL, STM32C0116-DK, STM32C011D6Y3TR, STM32C011D6Y6TR, STM32C011F4P3, STM32C011F4P6, STM32C011F4U3, STM32C011F4U6TR, STM32C011F6P3, STM32C011F6P6, STM32C011F6U3, STM32C011F6U6TR, STM32C011J4M3, STM32C011J4M6, STM32C011J6M3, STM32C011J6M6, STM32C0316-DK, STM32C031C4T3, STM32C031C4T6, STM32C031C4U3, STM32C031C4U6, STM32C031C6T3, STM32C031C6T6, STM32C031C6U3, STM32C031C6U6, STM32C031F4P3, STM32C031F4P6, STM32C031F6P3, STM32C031F6P6, STM32C031G4U3, STM32C031G4U6, STM32C031G6U3, STM32C031G6U6, STM32C031K4T3, STM32C031K4T6, STM32C031K4U3, STM32C031K4U6, STM32C031K6T3, STM32C031K6T6, STM32C031K6U3, STM32C031K6U6, STM32G071K8TXN, STM32G071K8UXN, STM32G081GBU6N, STM32G081KBT6N, STM32G081KBUXN, STM32G0B1CCT6N, STM32G0B1KCT6, STM32G0B1NEY6TR, STM32G0B1RCT6N, STM32G0C1CCT6, STM32G0C1CCT6N, STM32G0C1CCU6N, STM32G0C1CET6N, STM32G0C1CEU6N, STM32G0C1KCT6, STM32G0C1NEY6TR, STM32G0C1RCI6N, STM32G0C1RCT6N, STM32G0C1REI6N, STM32G0C1RET6N, STM32G0C1VCI6, STM32G0C1VEI6, STM32G471CCT6, STM32G471CCU6, STM32G471CET3, STM32G471CET6, STM32G471CEU3, STM32G471CEU6, STM32G471MCT6, STM32G471MET3, STM32G471MET6, STM32G471MEY6TR, STM32G471QCT6, STM32G471QET3, STM32G471RCT6, STM32G471RET3, STM32G471RET6, STM32G471VCH6, STM32G471VCI6, STM32G471VCT6, STM32G471VEH3, STM32G471VEH6, STM32G471VEI3, STM32G471VEI6, STM32G471VET3, STM32G471VET6, STM32G474CCT6, STM32L476VGY6PTR, STM32L4R5QGI6STR, STM32MP131AAE3, STM32MP131AAF3, STM32MP131AAG3, STM32MP131CAE3, STM32MP131CAF3, STM32MP131CAG3, STM32MP131DAE7, STM32MP131DAF7, STM32MP131DAG7, STM32MP131FAE7, STM32MP131FAF7, STM32MP131FAG7, STM32MP133AAE3, STM32MP133AAF3, STM32MP133AAG3, STM32MP133CAE3, STM32MP133CAF3, STM32MP133CAG3, STM32MP133DAE7, STM32MP133DAF7, STM32MP133DAG7, STM32MP133FAE7, STM32MP133FAF7, STM32MP133FAG7, STM32MP135AAE3, STM32MP135AAF3, STM32MP135AAG3, STM32MP135CAE3, STM32MP135CAF3, STM32MP135CAG3, STM32MP135DAE7, STM32MP135DAF7, STM32MP135DAG7, STM32MP135F-DK, STM32MP135FAE7, STM32MP135FAF7, STM32MP135FAG7, STM32U595ZJT6Q, STM32U599BJY6QTR, STM32U599NIH6Q, STM32U599NJH6Q, STM32U5A5ZJT6Q, STM32U5A9BJY6QTR, STM32U5A9NJH6Q, STM32WB1MMCH6]
2022-08-23 22:52:25,921 [INFO] BoardInfo:879 - No configuration file found for board P-NUCLEO-WB55
2022-08-23 22:52:25,921 [INFO] DbBoards:156 - Kit is not supported: P-NUCLEO-WB55
2022-08-23 22:52:25,925 [INFO] BoardInfo:879 - No configuration file found for board STEVAL-BFA001V1B
2022-08-23 22:52:25,926 [INFO] DbBoards:156 - Kit is not supported: STEVAL-BFA001V1B
2022-08-23 22:52:25,927 [INFO] BoardInfo:879 - No configuration file found for board STEVAL-BFA001V2B
2022-08-23 22:52:25,927 [INFO] DbBoards:156 - Kit is not supported: STEVAL-BFA001V2B
2022-08-23 22:52:26,116 [INFO] DbBoards:160 - Found 176 boards, 173 are supported
2022-08-23 22:52:26,138 [INFO] ApiDb:409 - User favorites file not found: /Users/anemiq/.stm32cubeide/favorites.boards.txt
2022-08-23 22:52:26,138 [INFO] DbBoards:189 - Set 0 / 0 favorites Boards
2022-08-23 22:52:28,934 [ERROR] LogOutputStream:74 - [STDERR_REDIRECT] SLF4J: Failed to load class "org.slf4j.impl.StaticLoggerBinder".
2022-08-23 22:52:28,935 [ERROR] LogOutputStream:74 - [STDERR_REDIRECT] SLF4J: Defaulting to no-operation (NOP) logger implementation
2022-08-23 22:52:28,935 [ERROR] LogOutputStream:74 - [STDERR_REDIRECT] SLF4J: See http://www.slf4j.org/codes.html#StaticLoggerBinder for further details.
