2022-08-23 23:19:45,844 [INFO] Activator:177 - 


2022-08-23 23:19:45,845 [INFO] Activator:178 - !SESSION log4j initialized
2022-08-23 23:19:47,463 [ERROR] LogOutputStream:74 - [STDERR_REDIRECT] 
2022-08-23 23:20:00,126 [INFO] McuFinderGlobals:44 - Set McuFinder mode to 2 (CubeIDE integrated)
2022-08-23 23:20:00,218 [INFO] ApplicationProperties:181 - Using Application install path: /Applications/STM32CubeIDE.app/Contents/Eclipse/plugins/com.st.stm32cube.common.mx_6.6.1.202207061420
2022-08-23 23:20:00,229 [INFO] DbMcusXml:77 - Set database path to: /Applications/STM32CubeIDE.app/Contents/Eclipse/plugins/com.st.stm32cube.common.mx_6.6.1.202207061420//db//mcu/
2022-08-23 23:20:00,230 [INFO] ApiDb:269 - Set plugin database path to: /Applications/STM32CubeIDE.app/Contents/Eclipse/plugins/com.st.stm32cube.common.mx_6.6.1.202207061420//db//plugins/boardmanager/
2022-08-23 23:20:00,233 [WARN] ApiDb:254 - Overriding images path with different value:  => /Applications/STM32CubeIDE.app/Contents/Eclipse/plugins/com.st.stm32cube.common.mx_6.6.1.202207061420//db//plugins/mcufinder/images/
2022-08-23 23:20:00,251 [INFO] ApiDb:249 - Set database path to: /Users/anemiq/.stmcufinder/plugins/mcufinder//mcu/
2022-08-23 23:20:00,252 [INFO] DbMcusAds:124 - Set database path to: /Users/anemiq/.stmcufinder/plugins/mcufinder//mcu/
2022-08-23 23:20:00,255 [INFO] CrossReferenceDbSqlite:201 - Set database path to: /Users/anemiq/.stmcufinder/plugins/mcufinder//mcu/cs/
2022-08-23 23:20:00,380 [INFO] RulesReader:61 - Compatibility file has been processed (282 Rules)
2022-08-23 23:20:00,447 [INFO] DbMcusXml:77 - Set database path to: /Applications/STM32CubeIDE.app/Contents/Eclipse/plugins/com.st.stm32cube.common.mx_6.6.1.202207061420//db//mcu/
2022-08-23 23:20:00,447 [INFO] ApiDb:269 - Set plugin database path to: /Applications/STM32CubeIDE.app/Contents/Eclipse/plugins/com.st.stm32cube.common.mx_6.6.1.202207061420//db//plugins/boardmanager/
2022-08-23 23:20:00,448 [INFO] ApiDb:256 - Set plugin images path to: /Applications/STM32CubeIDE.app/Contents/Eclipse/plugins/com.st.stm32cube.common.mx_6.6.1.202207061420//db//plugins/mcufinder/images/
2022-08-23 23:20:00,449 [WARN] DbFile:40 - Overriding database path with different value: /Users/anemiq/.stmcufinder/plugins/mcufinder/ => /Users/anemiq/.stmcufinder/plugins/mcufinder
2022-08-23 23:20:00,449 [INFO] ApiDb:249 - Set database path to: /Users/anemiq/.stmcufinder/plugins/mcufinder//mcu/
2022-08-23 23:20:00,449 [WARN] DbFile:40 - Overriding database path with different value: /Users/anemiq/.stmcufinder/plugins/mcufinder/ => /Users/anemiq/.stmcufinder/plugins/mcufinder
2022-08-23 23:20:00,449 [INFO] DbMcusAds:124 - Set database path to: /Users/anemiq/.stmcufinder/plugins/mcufinder//mcu/
2022-08-23 23:20:00,451 [WARN] DbFile:40 - Overriding database path with different value: /Users/anemiq/.stmcufinder/plugins/mcufinder/ => /Users/anemiq/.stmcufinder/plugins/mcufinder
2022-08-23 23:20:00,451 [WARN] DbFile:40 - Overriding database path with different value: /Users/anemiq/.stmcufinder/plugins/mcufinder/ => /Users/anemiq/.stmcufinder/plugins/mcufinder
2022-08-23 23:20:00,452 [INFO] CrossReferenceDbSqlite:201 - Set database path to: /Users/anemiq/.stmcufinder/plugins/mcufinder//mcu/cs/
2022-08-23 23:20:00,528 [INFO] MainPanel:242 - HeapMemory: 268435456
2022-08-23 23:20:00,598 [INFO] DbMcusXml:77 - Set database path to: /Applications/STM32CubeIDE.app/Contents/Eclipse/plugins/com.st.stm32cube.common.mx_6.6.1.202207061420//db//mcu/
2022-08-23 23:20:00,599 [INFO] ApiDb:269 - Set plugin database path to: /Applications/STM32CubeIDE.app/Contents/Eclipse/plugins/com.st.stm32cube.common.mx_6.6.1.202207061420//db//plugins/boardmanager/
2022-08-23 23:20:00,599 [INFO] ApiDb:256 - Set plugin images path to: /Applications/STM32CubeIDE.app/Contents/Eclipse/plugins/com.st.stm32cube.common.mx_6.6.1.202207061420//db//plugins/mcufinder/images/
2022-08-23 23:20:00,599 [WARN] DbFile:40 - Overriding database path with different value: /Users/anemiq/.stmcufinder/plugins/mcufinder/ => /Users/anemiq/.stmcufinder/plugins/mcufinder
2022-08-23 23:20:00,599 [INFO] ApiDb:249 - Set database path to: /Users/anemiq/.stmcufinder/plugins/mcufinder//mcu/
2022-08-23 23:20:00,599 [WARN] DbFile:40 - Overriding database path with different value: /Users/anemiq/.stmcufinder/plugins/mcufinder/ => /Users/anemiq/.stmcufinder/plugins/mcufinder
2022-08-23 23:20:00,600 [INFO] DbMcusAds:124 - Set database path to: /Users/anemiq/.stmcufinder/plugins/mcufinder//mcu/
2022-08-23 23:20:00,600 [WARN] DbFile:40 - Overriding database path with different value: /Users/anemiq/.stmcufinder/plugins/mcufinder/ => /Users/anemiq/.stmcufinder/plugins/mcufinder
2022-08-23 23:20:00,600 [WARN] DbFile:40 - Overriding database path with different value: /Users/anemiq/.stmcufinder/plugins/mcufinder/ => /Users/anemiq/.stmcufinder/plugins/mcufinder
2022-08-23 23:20:00,600 [INFO] CrossReferenceDbSqlite:201 - Set database path to: /Users/anemiq/.stmcufinder/plugins/mcufinder//mcu/cs/
2022-08-23 23:20:00,618 [INFO] ApplicationProperties:181 - Using Application install path: /Applications/STM32CubeIDE.app/Contents/Eclipse/plugins/com.st.stm32cube.common.mx_6.6.1.202207061420
2022-08-23 23:20:00,619 [INFO] PluginManage:193 - Search for loadable plugins [exclusion list=, ]
2022-08-23 23:20:00,621 [INFO] PluginManage:307 - Check plugin analytics
2022-08-23 23:20:00,825 [INFO] AnalyticsPlugin:262 - Accepted Software Licenses: 
2022-08-23 23:20:00,831 [INFO] AnalyticsPlugin:264 - Accepted CMSIS Pack Licenses: 
2022-08-23 23:20:00,832 [INFO] AnalyticsPlugin:266 - Accepted Firmware Licenses: 
2022-08-23 23:20:00,863 [INFO] PluginManage:356 - Loaded plugin analytics (category:tool,tabindex:-1)
2022-08-23 23:20:00,864 [INFO] PluginManage:307 - Check plugin cadmodel
2022-08-23 23:20:00,875 [INFO] CADModel:65 - Init CAD model plugin
2022-08-23 23:20:00,876 [INFO] PluginManage:356 - Loaded plugin cadmodel (category:power,tabindex:5)
2022-08-23 23:20:00,876 [INFO] PluginManage:307 - Check plugin clock
2022-08-23 23:20:00,886 [INFO] PluginManage:356 - Loaded plugin clock (category:base,tabindex:2)
2022-08-23 23:20:00,886 [INFO] PluginManage:307 - Check plugin ddr
2022-08-23 23:20:00,888 [INFO] PluginManage:356 - Loaded plugin ddr (category:tool,tabindex:6)
2022-08-23 23:20:00,888 [INFO] PluginManage:307 - Check plugin filemanager
2022-08-23 23:20:01,015 [INFO] PluginManage:356 - Loaded plugin filemanager (category:base,tabindex:10)
2022-08-23 23:20:01,016 [INFO] PluginManage:307 - Check plugin ipmanager
2022-08-23 23:20:01,024 [INFO] PluginManage:356 - Loaded plugin ipmanager (category:base,tabindex:5)
2022-08-23 23:20:01,024 [INFO] PluginManage:307 - Check plugin lpbam
2022-08-23 23:20:01,031 [INFO] PluginManage:356 - Loaded plugin lpbam (category:base,tabindex:0)
2022-08-23 23:20:01,031 [INFO] PluginManage:307 - Check plugin pinoutandconfiguration
2022-08-23 23:20:01,035 [INFO] PluginManage:356 - Loaded plugin pinoutandconfiguration (category:base,tabindex:1)
2022-08-23 23:20:01,036 [INFO] PluginManage:307 - Check plugin pinoutconfig
2022-08-23 23:20:01,076 [INFO] PluginManage:356 - Loaded plugin pinoutconfig (category:base,tabindex:0)
2022-08-23 23:20:01,079 [INFO] PluginManage:307 - Check plugin power
2022-08-23 23:20:01,094 [INFO] PluginManage:356 - Loaded plugin power (category:power,tabindex:4)
2022-08-23 23:20:01,094 [INFO] PluginManage:307 - Check plugin projectmanager
2022-08-23 23:20:01,117 [INFO] PluginManage:356 - Loaded plugin projectmanager (category:projectmanager,tabindex:3)
2022-08-23 23:20:01,118 [INFO] PluginManage:307 - Check plugin thirdparty
2022-08-23 23:20:01,284 [WARN] IntegrityCheckThread:82 - waiting for thirdparty lock release [integrity check]
2022-08-23 23:20:01,286 [INFO] PluginManage:356 - Loaded plugin thirdparty (category:base,tabindex:-1)
2022-08-23 23:20:01,286 [INFO] IntegrityCheckThread:84 - entering critical section [integrity check]
2022-08-23 23:20:01,287 [INFO] PluginManage:307 - Check plugin tools
2022-08-23 23:20:01,293 [INFO] PluginManage:356 - Loaded plugin tools (category:base,tabindex:7)
2022-08-23 23:20:01,294 [INFO] PluginManage:307 - Check plugin tutovideos
2022-08-23 23:20:01,294 [INFO] ThirdPartyUpdaterWithRetryManager:70 - Updater plugin not ready yet. [1/15]
2022-08-23 23:20:01,469 [INFO] PluginManage:356 - Loaded plugin tutovideos (category:base,tabindex:-1)
2022-08-23 23:20:01,470 [INFO] PluginManage:307 - Check plugin updater
2022-08-23 23:20:01,488 [INFO] PluginManage:356 - Loaded plugin updater (category:base,tabindex:12)
2022-08-23 23:20:01,491 [INFO] PluginManage:280 - PluginManage : Loaded plugins [15]
2022-08-23 23:20:01,886 [INFO] PinOutPanel:1468 - setPackage(No Configuration,No Configuration)
2022-08-23 23:20:01,948 [INFO] CADModel:98 - CPN selected for project level
2022-08-23 23:20:01,957 [INFO] IPUIPlugin:79 - create IPUIPlugin
2022-08-23 23:20:01,957 [INFO] PluginManager:217 - loadIPPluginJar : add mdma
2022-08-23 23:20:01,962 [INFO] IPUIPlugin:79 - create IPUIPlugin
2022-08-23 23:20:01,963 [INFO] PluginManager:217 - loadIPPluginJar : add freertos
2022-08-23 23:20:01,965 [INFO] IPUIPlugin:79 - create IPUIPlugin
2022-08-23 23:20:01,966 [INFO] PluginManager:217 - loadIPPluginJar : add gic
2022-08-23 23:20:01,971 [INFO] IPUIPlugin:79 - create IPUIPlugin
2022-08-23 23:20:01,972 [INFO] PluginManager:217 - loadIPPluginJar : add adc
2022-08-23 23:20:01,973 [INFO] IPUIPlugin:79 - create IPUIPlugin
2022-08-23 23:20:01,973 [INFO] PluginManager:217 - loadIPPluginJar : add gtzc
2022-08-23 23:20:01,974 [INFO] IPUIPlugin:79 - create IPUIPlugin
2022-08-23 23:20:01,974 [INFO] PluginManager:217 - loadIPPluginJar : add quadspi
2022-08-23 23:20:01,975 [INFO] IPUIPlugin:79 - create IPUIPlugin
2022-08-23 23:20:01,975 [INFO] PluginManager:217 - loadIPPluginJar : add aes
2022-08-23 23:20:01,976 [INFO] IPUIPlugin:79 - create IPUIPlugin
2022-08-23 23:20:01,976 [INFO] PluginManager:217 - loadIPPluginJar : add pdm2pcm
2022-08-23 23:20:01,978 [INFO] IPUIPlugin:79 - create IPUIPlugin
2022-08-23 23:20:01,978 [INFO] PluginManager:217 - loadIPPluginJar : add hash
2022-08-23 23:20:01,979 [INFO] IPUIPlugin:79 - create IPUIPlugin
2022-08-23 23:20:01,979 [INFO] PluginManager:217 - loadIPPluginJar : add tim
2022-08-23 23:20:01,980 [INFO] IPUIPlugin:79 - create IPUIPlugin
2022-08-23 23:20:01,980 [INFO] PluginManager:217 - loadIPPluginJar : add tsc
2022-08-23 23:20:01,981 [INFO] IPUIPlugin:79 - create IPUIPlugin
2022-08-23 23:20:01,981 [INFO] PluginManager:217 - loadIPPluginJar : add ts
2022-08-23 23:20:01,982 [INFO] IPUIPlugin:79 - create IPUIPlugin
2022-08-23 23:20:01,982 [INFO] PluginManager:217 - loadIPPluginJar : add can
2022-08-23 23:20:01,984 [INFO] IPUIPlugin:79 - create IPUIPlugin
2022-08-23 23:20:01,985 [INFO] PluginManager:217 - loadIPPluginJar : add dma3
2022-08-23 23:20:01,986 [INFO] IPUIPlugin:79 - create IPUIPlugin
2022-08-23 23:20:01,986 [INFO] PluginManager:217 - loadIPPluginJar : add dfsdm
2022-08-23 23:20:01,987 [INFO] IPUIPlugin:79 - create IPUIPlugin
2022-08-23 23:20:01,987 [INFO] PluginManager:217 - loadIPPluginJar : add spi
2022-08-23 23:20:01,988 [INFO] IPUIPlugin:79 - create IPUIPlugin
2022-08-23 23:20:01,988 [INFO] PluginManager:217 - loadIPPluginJar : add gfxmmu
2022-08-23 23:20:01,989 [INFO] IPUIPlugin:79 - create IPUIPlugin
2022-08-23 23:20:01,989 [INFO] PluginManager:217 - loadIPPluginJar : add genericplugin
2022-08-23 23:20:01,990 [INFO] IPUIPlugin:79 - create IPUIPlugin
2022-08-23 23:20:01,995 [INFO] PluginManager:217 - loadIPPluginJar : add cryp
2022-08-23 23:20:01,998 [INFO] IPUIPlugin:79 - create IPUIPlugin
2022-08-23 23:20:01,999 [INFO] PluginManager:217 - loadIPPluginJar : add gpio
2022-08-23 23:20:01,999 [INFO] IPUIPlugin:79 - create IPUIPlugin
2022-08-23 23:20:02,000 [INFO] PluginManager:217 - loadIPPluginJar : add comp
2022-08-23 23:20:02,001 [INFO] IPUIPlugin:79 - create IPUIPlugin
2022-08-23 23:20:02,001 [INFO] PluginManager:217 - loadIPPluginJar : add tracer_emb
2022-08-23 23:20:02,003 [INFO] IPUIPlugin:79 - create IPUIPlugin
2022-08-23 23:20:02,003 [INFO] PluginManager:217 - loadIPPluginJar : add openamp
2022-08-23 23:20:02,006 [INFO] IPUIPlugin:79 - create IPUIPlugin
2022-08-23 23:20:02,006 [INFO] PluginManager:217 - loadIPPluginJar : add stm32_wpan
2022-08-23 23:20:02,010 [INFO] IPUIPlugin:79 - create IPUIPlugin
2022-08-23 23:20:02,013 [INFO] PluginManager:217 - loadIPPluginJar : add plateformsettings
2022-08-23 23:20:02,016 [INFO] IPUIPlugin:79 - create IPUIPlugin
2022-08-23 23:20:02,016 [INFO] PluginManager:217 - loadIPPluginJar : add ipddr
2022-08-23 23:20:02,018 [INFO] IPUIPlugin:79 - create IPUIPlugin
2022-08-23 23:20:02,018 [INFO] PluginManager:217 - loadIPPluginJar : add usart
2022-08-23 23:20:02,019 [INFO] IPUIPlugin:79 - create IPUIPlugin
2022-08-23 23:20:02,019 [INFO] PluginManager:217 - loadIPPluginJar : add ltdc
2022-08-23 23:20:02,022 [INFO] IPUIPlugin:79 - create IPUIPlugin
2022-08-23 23:20:02,022 [INFO] PluginManager:217 - loadIPPluginJar : add nvic
2022-08-23 23:20:02,023 [INFO] IPUIPlugin:79 - create IPUIPlugin
2022-08-23 23:20:02,023 [INFO] PluginManager:217 - loadIPPluginJar : add fatfs
2022-08-23 23:20:02,028 [INFO] IPUIPlugin:79 - create IPUIPlugin
2022-08-23 23:20:02,029 [INFO] PluginManager:217 - loadIPPluginJar : add linkedlist
2022-08-23 23:20:02,032 [INFO] IPUIPlugin:79 - create IPUIPlugin
2022-08-23 23:20:02,034 [INFO] PluginManager:217 - loadIPPluginJar : add dma
2022-08-23 23:20:02,038 [INFO] IPUIPlugin:79 - create IPUIPlugin
2022-08-23 23:20:02,038 [INFO] PluginManager:217 - loadIPPluginJar : add fmc
2022-08-23 23:20:02,040 [INFO] IPUIPlugin:79 - create IPUIPlugin
2022-08-23 23:20:02,040 [INFO] PluginManager:217 - loadIPPluginJar : add i2s
2022-08-23 23:20:02,041 [INFO] IPUIPlugin:79 - create IPUIPlugin
2022-08-23 23:20:02,041 [INFO] PluginManager:217 - loadIPPluginJar : add ucpd
2022-08-23 23:20:02,042 [INFO] IPUIPlugin:79 - create IPUIPlugin
2022-08-23 23:20:02,042 [INFO] PluginManager:217 - loadIPPluginJar : add lorawan
2022-08-23 23:20:02,044 [INFO] IPUIPlugin:79 - create IPUIPlugin
2022-08-23 23:20:02,044 [INFO] PluginManager:217 - loadIPPluginJar : add opamp
2022-08-23 23:20:02,045 [INFO] IPUIPlugin:79 - create IPUIPlugin
2022-08-23 23:20:02,045 [INFO] PluginManager:217 - loadIPPluginJar : add touchsensing
2022-08-23 23:20:02,047 [INFO] IPUIPlugin:79 - create IPUIPlugin
2022-08-23 23:20:02,047 [INFO] PluginManager:217 - loadIPPluginJar : add i2c
2022-08-23 23:20:02,048 [INFO] IPUIPlugin:79 - create IPUIPlugin
2022-08-23 23:20:02,049 [INFO] PluginManager:217 - loadIPPluginJar : add resmgrutility
2022-08-23 23:20:02,050 [INFO] IPUIPlugin:79 - create IPUIPlugin
2022-08-23 23:20:02,050 [INFO] PluginManager:217 - loadIPPluginJar : add sai
2022-08-23 23:20:02,052 [INFO] IPUIPlugin:79 - create IPUIPlugin
2022-08-23 23:20:02,053 [INFO] PluginManager:217 - loadIPPluginJar : add usbx
2022-08-23 23:20:02,343 [FATAL] Updater:301 - Updater called before beeing initialized
2022-08-23 23:20:02,488 [FATAL] Updater:301 - Updater called before beeing initialized
2022-08-23 23:20:02,494 [INFO] DbMcusAds:52 - JSON generation date=Thu Sep 30 08:55:09 CEST 2021 (1632984909377)
2022-08-23 23:20:02,494 [FATAL] Updater:301 - Updater called before beeing initialized
2022-08-23 23:20:02,533 [WARN] DetailPanel:344 - Failed to get advertising image, set to default
2022-08-23 23:20:02,625 [FATAL] Updater:301 - Updater called before beeing initialized
2022-08-23 23:20:02,627 [FATAL] Updater:301 - Updater called before beeing initialized
2022-08-23 23:20:02,627 [FATAL] Updater:301 - Updater called before beeing initialized
2022-08-23 23:20:02,627 [WARN] DetailPanel:344 - Failed to get advertising image, set to default
2022-08-23 23:20:02,633 [FATAL] Updater:301 - Updater called before beeing initialized
2022-08-23 23:20:02,689 [ERROR] Updater:1105 - MainUpdater not yet initialized. External WinMGr cannot be set.
2022-08-23 23:20:02,724 [INFO] Updater:1041 - Updater Version found : 6.6.1
2022-08-23 23:20:02,737 [INFO] ApplicationProperties:181 - Using Application install path: /Applications/STM32CubeIDE.app/Contents/Eclipse/plugins/com.st.stm32cube.common.mx_6.6.1.202207061420
2022-08-23 23:20:03,059 [INFO] MainUpdater:2768 - connection check result : 10
2022-08-23 23:20:03,061 [INFO] MainUpdater:280 - Updater Check For Update Now.
2022-08-23 23:20:03,061 [INFO] MicroXplorer:481 - Change Database Version : DB.6.0.60
2022-08-23 23:20:03,344 [INFO] CheckServerUpdateThread:119 - End of CheckServer Thread
2022-08-23 23:20:03,473 [INFO] MainUpdater:2768 - connection check result : 10
2022-08-23 23:20:03,864 [INFO] McuFinderGlobals:57 - Set McuFinderConnectedMode to true
2022-08-23 23:20:03,873 [INFO] MultiScanPanel:195 - Auto-refresh data requested => check proxy status ongoing
2022-08-23 23:20:03,879 [INFO] FinderPluginLoader:92 - Searching for filters in installed packs
2022-08-23 23:20:04,138 [INFO] ApiDb:576 - Connected to CubeFinder SQLite database (/Users/anemiq/.stmcufinder/plugins/mcufinder/mcu/cube-finder-db.db)
2022-08-23 23:20:04,161 [INFO] ApiDb:663 - CubeFinder database Data Model version=2.1
2022-08-23 23:20:04,162 [INFO] ApiDb:664 - CubeFinder database Configuration version=3.0.32
2022-08-23 23:20:04,163 [INFO] ApiDb:665 - CubeFinder database generation date=2022-08-05 (1659688109)
2022-08-23 23:20:04,163 [INFO] ApiDb:666 - CubeFinder database FW Pack versions=[STM32Cube_FW_C0_V1.0.0, STM32Cube_FW_F4_V1.27.1, STM32Cube_FW_F7_V1.17.0, STM32Cube_FW_G0_V1.6.1, STM32Cube_FW_G4_V1.5.0, STM32Cube_FW_H7_V1.10.0, STM32Cube_FW_L5_V1.4.0, STM32Cube_FW_U5_V1.1.1, STM32Cube_FW_WB_V1.14.1, STM32Cube_FW_WL_V1.2.0, X-CUBE-ALGOBUILD_V1.3.0, X-CUBE-ALS_V1.0.1, X-CUBE-AZRTOS-F4_V1.1.0, X-CUBE-AZRTOS-F7_V1.1.0, X-CUBE-AZRTOS-G0_V1.1.0, X-CUBE-AZRTOS-G4_V1.0.0, X-CUBE-AZRTOS-H7_V2.1.0, X-CUBE-AZRTOS-L4_V1.0.0, X-CUBE-AZRTOS-L5_V1.0.0, X-CUBE-AZRTOS-WL_V1.0.0, X-CUBE-BLE1_V6.2.3, X-CUBE-BLE2_V3.3.0, X-CUBE-EEPRMA1_V3.1.1, X-CUBE-GNSS1_V6.0.0, X-CUBE-MEMS1_V9.1.0, X-CUBE-MEMS1_V9.3.0, X-CUBE-NFC4_V2.0.4, X-CUBE-NFC7_V1.0.0, X-CUBE-SFXS2LP1_V4.0.0, X-CUBE-SUBG2_V5.0.0]
2022-08-23 23:20:04,508 [WARN] PackLoader:242 - Cannot read IP mode file for STMicroelectronics.X-CUBE-GNSS1.6.0.0
2022-08-23 23:20:04,647 [WARN] PackLoader:242 - Cannot read IP mode file for STMicroelectronics.X-CUBE-AZRTOS-F4.1.1.0
2022-08-23 23:20:04,763 [WARN] PackLoader:242 - Cannot read IP mode file for STMicroelectronics.X-CUBE-AZRTOS-F7.1.1.0
2022-08-23 23:20:04,821 [WARN] PackLoader:242 - Cannot read IP mode file for STMicroelectronics.X-CUBE-BLE1.6.2.3
2022-08-23 23:20:04,873 [WARN] PackLoader:242 - Cannot read IP mode file for STMicroelectronics.X-CUBE-NFC4.2.0.4
2022-08-23 23:20:04,982 [WARN] PackLoader:242 - Cannot read IP mode file for STMicroelectronics.X-CUBE-TOF1.3.1.0
2022-08-23 23:20:05,034 [WARN] PackLoader:242 - Cannot read IP mode file for STMicroelectronics.X-CUBE-NFC7.1.0.0
2022-08-23 23:20:05,178 [WARN] PackLoader:242 - Cannot read IP mode file for STMicroelectronics.X-CUBE-MEMS1.9.3.0
2022-08-23 23:20:05,421 [WARN] PackLoader:242 - Cannot read IP mode file for STMicroelectronics.X-CUBE-AI.7.2.0
2022-08-23 23:20:05,483 [WARN] PackLoader:242 - Cannot read IP mode file for STMicroelectronics.X-CUBE-SFXS2LP1.4.0.0
2022-08-23 23:20:05,519 [WARN] PackLoader:242 - Cannot read IP mode file for STMicroelectronics.X-CUBE-BLE2.3.3.0
2022-08-23 23:20:05,554 [WARN] PackLoader:242 - Cannot read IP mode file for STMicroelectronics.X-CUBE-DISPLAY.2.2.0
2022-08-23 23:20:05,569 [WARN] PackLoader:242 - Cannot read IP mode file for STMicroelectronics.X-CUBE-ISPU.1.0.0
2022-08-23 23:20:05,588 [WARN] PackLoader:242 - Cannot read IP mode file for RoweBots.I-CUBE-UNISONRTOS.5.5.0-4
2022-08-23 23:20:05,617 [INFO] ApiDb:239 - Found 138 in-development CPN: [B-WB1M-WPAN1, NUCLEO-C031C6, STEVAL-STWINBX1, STM320518-EVAL, STM32C0116-DK, STM32C011D6Y3TR, STM32C011D6Y6TR, STM32C011F4P3, STM32C011F4P6, STM32C011F4U3, STM32C011F4U6TR, STM32C011F6P3, STM32C011F6P6, STM32C011F6U3, STM32C011F6U6TR, STM32C011J4M3, STM32C011J4M6, STM32C011J6M3, STM32C011J6M6, STM32C0316-DK, STM32C031C4T3, STM32C031C4T6, STM32C031C4U3, STM32C031C4U6, STM32C031C6T3, STM32C031C6T6, STM32C031C6U3, STM32C031C6U6, STM32C031F4P3, STM32C031F4P6, STM32C031F6P3, STM32C031F6P6, STM32C031G4U3, STM32C031G4U6, STM32C031G6U3, STM32C031G6U6, STM32C031K4T3, STM32C031K4T6, STM32C031K4U3, STM32C031K4U6, STM32C031K6T3, STM32C031K6T6, STM32C031K6U3, STM32C031K6U6, STM32G071K8TXN, STM32G071K8UXN, STM32G081GBU6N, STM32G081KBT6N, STM32G081KBUXN, STM32G0B1CCT6N, STM32G0B1KCT6, STM32G0B1NEY6TR, STM32G0B1RCT6N, STM32G0C1CCT6, STM32G0C1CCT6N, STM32G0C1CCU6N, STM32G0C1CET6N, STM32G0C1CEU6N, STM32G0C1KCT6, STM32G0C1NEY6TR, STM32G0C1RCI6N, STM32G0C1RCT6N, STM32G0C1REI6N, STM32G0C1RET6N, STM32G0C1VCI6, STM32G0C1VEI6, STM32G471CCT6, STM32G471CCU6, STM32G471CET3, STM32G471CET6, STM32G471CEU3, STM32G471CEU6, STM32G471MCT6, STM32G471MET3, STM32G471MET6, STM32G471MEY6TR, STM32G471QCT6, STM32G471QET3, STM32G471RCT6, STM32G471RET3, STM32G471RET6, STM32G471VCH6, STM32G471VCI6, STM32G471VCT6, STM32G471VEH3, STM32G471VEH6, STM32G471VEI3, STM32G471VEI6, STM32G471VET3, STM32G471VET6, STM32G474CCT6, STM32L476VGY6PTR, STM32L4R5QGI6STR, STM32MP131AAE3, STM32MP131AAF3, STM32MP131AAG3, STM32MP131CAE3, STM32MP131CAF3, STM32MP131CAG3, STM32MP131DAE7, STM32MP131DAF7, STM32MP131DAG7, STM32MP131FAE7, STM32MP131FAF7, STM32MP131FAG7, STM32MP133AAE3, STM32MP133AAF3, STM32MP133AAG3, STM32MP133CAE3, STM32MP133CAF3, STM32MP133CAG3, STM32MP133DAE7, STM32MP133DAF7, STM32MP133DAG7, STM32MP133FAE7, STM32MP133FAF7, STM32MP133FAG7, STM32MP135AAE3, STM32MP135AAF3, STM32MP135AAG3, STM32MP135CAE3, STM32MP135CAF3, STM32MP135CAG3, STM32MP135DAE7, STM32MP135DAF7, STM32MP135DAG7, STM32MP135F-DK, STM32MP135FAE7, STM32MP135FAF7, STM32MP135FAG7, STM32U595ZJT6Q, STM32U599BJY6QTR, STM32U599NIH6Q, STM32U599NJH6Q, STM32U5A5ZJT6Q, STM32U5A9BJY6QTR, STM32U5A9NJH6Q, STM32WB1MMCH6]
2022-08-23 23:20:05,619 [WARN] PackLoader:242 - Cannot read IP mode file for STMicroelectronics.X-CUBE-AZRTOS-H7.2.1.0
2022-08-23 23:20:05,628 [INFO] DbMcus:215 - Found 3542 MCUs, 3542 are supported
2022-08-23 23:20:05,648 [WARN] PackLoader:242 - Cannot read IP mode file for wolfSSL.I-CUBE-wolfSSL.5.4.0
2022-08-23 23:20:05,649 [INFO] ApiDb:418 - Load user favorites file /Users/anemiq/.stm32cubeide/favorites.mcus.txt: 0 item(s)
2022-08-23 23:20:05,650 [INFO] ApiDb:422 - User favorites MCUs=[]
2022-08-23 23:20:05,651 [INFO] DbMcus:221 - Set 0 / 0 favorites MCUs
2022-08-23 23:20:05,664 [WARN] PackLoader:242 - Cannot read IP mode file for STMicroelectronics.X-CUBE-BLEMGR.1.0.0
2022-08-23 23:20:05,684 [WARN] PackLoader:242 - Cannot read IP mode file for STMicroelectronics.X-CUBE-ALGOBUILD.1.3.0
2022-08-23 23:20:05,716 [WARN] PackLoader:242 - Cannot read IP mode file for STMicroelectronics.X-CUBE-AZRTOS-G0.1.1.0
2022-08-23 23:20:05,741 [WARN] PackLoader:242 - Cannot read IP mode file for STMicroelectronics.X-CUBE-SUBG2.5.0.0
2022-08-23 23:20:05,946 [WARN] PackLoader:242 - Cannot read IP mode file for SEGGER.I-CUBE-embOS.1.2.0
2022-08-23 23:20:06,125 [WARN] PackLoader:242 - Cannot read IP mode file for STMicroelectronics.FP-ATR-ASTRA1.1.1.0
2022-08-23 23:20:06,171 [WARN] PackLoader:242 - Cannot read IP mode file for STMicroelectronics.X-CUBE-AZRTOS-G4.1.0.0
2022-08-23 23:20:06,213 [WARN] PackLoader:242 - Cannot read IP mode file for STMicroelectronics.X-CUBE-AZRTOS-L4.1.0.0
2022-08-23 23:20:06,241 [WARN] PackLoader:242 - Cannot read IP mode file for emotas.I-CUBE-CANOPEN.1.1.2
2022-08-23 23:20:06,261 [WARN] PackLoader:242 - Cannot read IP mode file for STMicroelectronics.X-CUBE-TOUCHGFX.4.20.0
2022-08-23 23:20:06,279 [WARN] PackLoader:242 - Cannot read IP mode file for STMicroelectronics.X-CUBE-AZRTOS-WL.1.0.0
2022-08-23 23:20:06,289 [WARN] PackLoader:242 - Cannot read IP mode file for portGmbH.I-Cube-SoM-uGOAL.1.1.0
2022-08-23 23:20:06,296 [WARN] PackLoader:242 - Cannot read IP mode file for STMicroelectronics.X-CUBE-ALS.1.0.1
2022-08-23 23:20:06,330 [WARN] PackLoader:242 - Cannot read IP mode file for STMicroelectronics.X-CUBE-AZRTOS-L5.1.0.0
2022-08-23 23:20:06,358 [WARN] PackLoader:242 - Cannot read IP mode file for STMicroelectronics.X-CUBE-EEPRMA1.3.1.1
2022-08-23 23:20:06,362 [INFO] ThirdParty:929 - Integrity check success = true
2022-08-23 23:20:06,364 [INFO] IntegrityCheckThread:98 - exiting critical section [integrity check]
2022-08-23 23:20:06,365 [INFO] IntegrityCheckThread:101 - End integrity checks thread
2022-08-23 23:20:07,849 [INFO] LoadUrlFilesThread:177 - End of LoadServerUrlFiles without Thread
2022-08-23 23:20:07,876 [INFO] DetailPanel:339 - Set advertising image to /Users/anemiq/STM32Cube/Repository//en.Prom_NBSTM32U50921.jpg
2022-08-23 23:20:08,627 [INFO] MultiScanPanel:778 - Auto Refresh Data is not needed
2022-08-23 23:20:08,646 [INFO] ApiDb:663 - CubeFinder database Data Model version=2.1
2022-08-23 23:20:08,646 [INFO] ApiDb:664 - CubeFinder database Configuration version=3.0.32
2022-08-23 23:20:08,647 [INFO] ApiDb:665 - CubeFinder database generation date=2022-08-05 (1659688109)
2022-08-23 23:20:08,647 [INFO] ApiDb:666 - CubeFinder database FW Pack versions=[STM32Cube_FW_C0_V1.0.0, STM32Cube_FW_F4_V1.27.1, STM32Cube_FW_F7_V1.17.0, STM32Cube_FW_G0_V1.6.1, STM32Cube_FW_G4_V1.5.0, STM32Cube_FW_H7_V1.10.0, STM32Cube_FW_L5_V1.4.0, STM32Cube_FW_U5_V1.1.1, STM32Cube_FW_WB_V1.14.1, STM32Cube_FW_WL_V1.2.0, X-CUBE-ALGOBUILD_V1.3.0, X-CUBE-ALS_V1.0.1, X-CUBE-AZRTOS-F4_V1.1.0, X-CUBE-AZRTOS-F7_V1.1.0, X-CUBE-AZRTOS-G0_V1.1.0, X-CUBE-AZRTOS-G4_V1.0.0, X-CUBE-AZRTOS-H7_V2.1.0, X-CUBE-AZRTOS-L4_V1.0.0, X-CUBE-AZRTOS-L5_V1.0.0, X-CUBE-AZRTOS-WL_V1.0.0, X-CUBE-BLE1_V6.2.3, X-CUBE-BLE2_V3.3.0, X-CUBE-EEPRMA1_V3.1.1, X-CUBE-GNSS1_V6.0.0, X-CUBE-MEMS1_V9.1.0, X-CUBE-MEMS1_V9.3.0, X-CUBE-NFC4_V2.0.4, X-CUBE-NFC7_V1.0.0, X-CUBE-SFXS2LP1_V4.0.0, X-CUBE-SUBG2_V5.0.0]
2022-08-23 23:20:08,710 [INFO] DbBoardsSqlite:227 - include board P-NUCLEO-WB55-NUCLEO as a kit item of type 'Nucleo-64'
2022-08-23 23:20:08,711 [INFO] DbBoardsSqlite:227 - include board P-NUCLEO-WB55-USBDONGLE as a kit item of type 'Nucleo USB Dongle'
2022-08-23 23:20:08,712 [INFO] DbBoardsSqlite:227 - include board STEVAL-IDP005V1 as a kit item of type 'Evaluation Board'
2022-08-23 23:20:08,712 [INFO] DbBoardsSqlite:227 - include board STEVAL-IDP005V2 as a kit item of type 'Evaluation Board'
2022-08-23 23:20:08,722 [INFO] ApiDb:239 - Found 138 in-development CPN: [B-WB1M-WPAN1, NUCLEO-C031C6, STEVAL-STWINBX1, STM320518-EVAL, STM32C0116-DK, STM32C011D6Y3TR, STM32C011D6Y6TR, STM32C011F4P3, STM32C011F4P6, STM32C011F4U3, STM32C011F4U6TR, STM32C011F6P3, STM32C011F6P6, STM32C011F6U3, STM32C011F6U6TR, STM32C011J4M3, STM32C011J4M6, STM32C011J6M3, STM32C011J6M6, STM32C0316-DK, STM32C031C4T3, STM32C031C4T6, STM32C031C4U3, STM32C031C4U6, STM32C031C6T3, STM32C031C6T6, STM32C031C6U3, STM32C031C6U6, STM32C031F4P3, STM32C031F4P6, STM32C031F6P3, STM32C031F6P6, STM32C031G4U3, STM32C031G4U6, STM32C031G6U3, STM32C031G6U6, STM32C031K4T3, STM32C031K4T6, STM32C031K4U3, STM32C031K4U6, STM32C031K6T3, STM32C031K6T6, STM32C031K6U3, STM32C031K6U6, STM32G071K8TXN, STM32G071K8UXN, STM32G081GBU6N, STM32G081KBT6N, STM32G081KBUXN, STM32G0B1CCT6N, STM32G0B1KCT6, STM32G0B1NEY6TR, STM32G0B1RCT6N, STM32G0C1CCT6, STM32G0C1CCT6N, STM32G0C1CCU6N, STM32G0C1CET6N, STM32G0C1CEU6N, STM32G0C1KCT6, STM32G0C1NEY6TR, STM32G0C1RCI6N, STM32G0C1RCT6N, STM32G0C1REI6N, STM32G0C1RET6N, STM32G0C1VCI6, STM32G0C1VEI6, STM32G471CCT6, STM32G471CCU6, STM32G471CET3, STM32G471CET6, STM32G471CEU3, STM32G471CEU6, STM32G471MCT6, STM32G471MET3, STM32G471MET6, STM32G471MEY6TR, STM32G471QCT6, STM32G471QET3, STM32G471RCT6, STM32G471RET3, STM32G471RET6, STM32G471VCH6, STM32G471VCI6, STM32G471VCT6, STM32G471VEH3, STM32G471VEH6, STM32G471VEI3, STM32G471VEI6, STM32G471VET3, STM32G471VET6, STM32G474CCT6, STM32L476VGY6PTR, STM32L4R5QGI6STR, STM32MP131AAE3, STM32MP131AAF3, STM32MP131AAG3, STM32MP131CAE3, STM32MP131CAF3, STM32MP131CAG3, STM32MP131DAE7, STM32MP131DAF7, STM32MP131DAG7, STM32MP131FAE7, STM32MP131FAF7, STM32MP131FAG7, STM32MP133AAE3, STM32MP133AAF3, STM32MP133AAG3, STM32MP133CAE3, STM32MP133CAF3, STM32MP133CAG3, STM32MP133DAE7, STM32MP133DAF7, STM32MP133DAG7, STM32MP133FAE7, STM32MP133FAF7, STM32MP133FAG7, STM32MP135AAE3, STM32MP135AAF3, STM32MP135AAG3, STM32MP135CAE3, STM32MP135CAF3, STM32MP135CAG3, STM32MP135DAE7, STM32MP135DAF7, STM32MP135DAG7, STM32MP135F-DK, STM32MP135FAE7, STM32MP135FAF7, STM32MP135FAG7, STM32U595ZJT6Q, STM32U599BJY6QTR, STM32U599NIH6Q, STM32U599NJH6Q, STM32U5A5ZJT6Q, STM32U5A9BJY6QTR, STM32U5A9NJH6Q, STM32WB1MMCH6]
2022-08-23 23:20:08,833 [INFO] BoardInfo:879 - No configuration file found for board P-NUCLEO-WB55
2022-08-23 23:20:08,834 [INFO] DbBoards:156 - Kit is not supported: P-NUCLEO-WB55
2022-08-23 23:20:08,838 [INFO] BoardInfo:879 - No configuration file found for board STEVAL-BFA001V1B
2022-08-23 23:20:08,838 [INFO] DbBoards:156 - Kit is not supported: STEVAL-BFA001V1B
2022-08-23 23:20:08,838 [INFO] BoardInfo:879 - No configuration file found for board STEVAL-BFA001V2B
2022-08-23 23:20:08,839 [INFO] DbBoards:156 - Kit is not supported: STEVAL-BFA001V2B
2022-08-23 23:20:08,971 [INFO] DbBoards:160 - Found 176 boards, 173 are supported
2022-08-23 23:20:08,995 [INFO] ApiDb:409 - User favorites file not found: /Users/anemiq/.stm32cubeide/favorites.boards.txt
2022-08-23 23:20:08,996 [INFO] DbBoards:189 - Set 0 / 0 favorites Boards
2022-08-23 23:20:11,269 [ERROR] LogOutputStream:74 - [STDERR_REDIRECT] SLF4J: Failed to load class "org.slf4j.impl.StaticLoggerBinder".
2022-08-23 23:20:11,270 [ERROR] LogOutputStream:74 - [STDERR_REDIRECT] SLF4J: Defaulting to no-operation (NOP) logger implementation
2022-08-23 23:20:11,270 [ERROR] LogOutputStream:74 - [STDERR_REDIRECT] SLF4J: See http://www.slf4j.org/codes.html#StaticLoggerBinder for further details.
2022-08-23 23:20:28,900 [INFO] MainUpdater:2768 - connection check result : 10
2022-08-23 23:20:28,905 [INFO] MainUpdater:2768 - connection check result : 10
2022-08-23 23:20:29,068 [INFO] MicroXplorer:451 - Change Database Path : 
2022-08-23 23:20:29,070 [INFO] MicroXplorer:481 - Change Database Version : DB.6.0.60
2022-08-23 23:20:29,076 [WARN] ThirdParty:827 - waiting for thirdparty lock release [close project]
2022-08-23 23:20:29,076 [INFO] ThirdParty:829 - entering critical section [close project]
2022-08-23 23:20:29,084 [INFO] ThirdParty:839 - exiting critical section [close project]
2022-08-23 23:20:29,099 [INFO] PinOutPanel:1468 - setPackage(No Configuration,No Configuration)
2022-08-23 23:20:29,136 [INFO] UtilMem:74 - Begin LoadConfig() Used Memory: 358917616 Bytes (457179136)
2022-08-23 23:20:29,140 [INFO] MicroXplorer:451 - Change Database Path : 
2022-08-23 23:20:29,203 [INFO] MicroXplorer:481 - Change Database Version : DB.6.0.60
2022-08-23 23:20:29,213 [INFO] OpenFileManager:307 - Change cursor
2022-08-23 23:20:29,446 [INFO] Mcu:1922 - Initializing MCU STM32L031K(4-6)Tx STM32L031K6Tx STM32L031K6T6
2022-08-23 23:20:30,896 [INFO] Context:654 - Trying to add GPIOservice into a context  which must be forbidden
2022-08-23 23:20:31,693 [WARN] ApiManager:308 - Cannot register API 'Board Extension:GNSS1A1' from pack STMicroelectronics.X-CUBE-GNSS1.6.0.0: no header file found
2022-08-23 23:20:31,713 [WARN] ApiManager:308 - Cannot register API 'Board Support:Custom' from pack STMicroelectronics.X-CUBE-GNSS1.6.0.0: no header file found
2022-08-23 23:20:31,719 [WARN] ApiManager:308 - Cannot register API 'Data Exchange:lib_gnss' from pack STMicroelectronics.X-CUBE-GNSS1.6.0.0: no header file found
2022-08-23 23:20:31,749 [WARN] ApiManager:308 - Cannot register API 'Wireless:BlueNRG-MS' from pack STMicroelectronics.X-CUBE-BLE1.6.2.3: no header file found
2022-08-23 23:20:31,755 [INFO] RtosManager:488 - Registered RTOS mode: class=CMSIS, group=RTOS, mode=CMSIS_V1, owner=FREERTOS
2022-08-23 23:20:31,756 [INFO] RtosManager:488 - Registered RTOS mode: class=CMSIS, group=RTOS2, mode=CMSIS_V2, owner=FREERTOS
2022-08-23 23:20:31,756 [INFO] RtosManager:488 - Registered RTOS mode: class=RTOS, group=Core, mode=CMSIS_V1, owner=FREERTOS
2022-08-23 23:20:31,756 [INFO] RtosManager:488 - Registered RTOS mode: class=RTOS, group=Core, mode=CMSIS_V2, owner=FREERTOS
2022-08-23 23:20:31,756 [WARN] ModelIntegratedComponent:185 - Missing modes for component STMicroelectronics:FreeRTOS:0.0.1:STMicroelectronics:RTOS:FreeRTOS:Core:::10.2.0:
2022-08-23 23:20:31,769 [WARN] ApiManager:308 - Cannot register API 'Board Extension:S2868A1' from pack STMicroelectronics.X-CUBE-SUBG2.5.0.0: no header file found
2022-08-23 23:20:31,769 [WARN] ApiManager:308 - Cannot register API 'Board Extension:S2868A2' from pack STMicroelectronics.X-CUBE-SUBG2.5.0.0: no header file found
2022-08-23 23:20:31,769 [WARN] ApiManager:308 - Cannot register API 'Board Extension:S2915A1' from pack STMicroelectronics.X-CUBE-SUBG2.5.0.0: no header file found
2022-08-23 23:20:31,778 [WARN] ApiManager:308 - Cannot register API 'Board Extension:NFC04A1' from pack STMicroelectronics.X-CUBE-NFC4.2.0.4: no header file found
2022-08-23 23:20:31,786 [WARN] ModelIntegratedComponent:64 - No mode defined for component null
2022-08-23 23:20:31,786 [WARN] ModelIntegratedComponent:64 - No mode defined for component null
2022-08-23 23:20:31,786 [WARN] ModelIntegratedComponent:64 - No mode defined for component null
2022-08-23 23:20:31,786 [WARN] ModelIntegratedComponent:64 - No mode defined for component null
2022-08-23 23:20:31,786 [WARN] ModelIntegratedComponent:64 - No mode defined for component null
2022-08-23 23:20:31,786 [WARN] ModelIntegratedComponent:64 - No mode defined for component null
2022-08-23 23:20:31,787 [WARN] ModelIntegratedComponent:64 - No mode defined for component null
2022-08-23 23:20:31,787 [WARN] ModelIntegratedComponent:64 - No mode defined for component null
2022-08-23 23:20:31,787 [WARN] ModelIntegratedComponent:64 - No mode defined for component null
2022-08-23 23:20:31,787 [WARN] ModelIntegratedComponent:64 - No mode defined for component null
2022-08-23 23:20:31,787 [WARN] ModelIntegratedComponent:64 - No mode defined for component null
2022-08-23 23:20:31,787 [WARN] ModelIntegratedComponent:64 - No mode defined for component null
2022-08-23 23:20:31,787 [WARN] ModelIntegratedComponent:64 - No mode defined for component null
2022-08-23 23:20:31,787 [WARN] ModelIntegratedComponent:64 - No mode defined for component null
2022-08-23 23:20:31,787 [WARN] ModelIntegratedComponent:64 - No mode defined for component null
2022-08-23 23:20:31,787 [WARN] ModelIntegratedComponent:64 - No mode defined for component null
2022-08-23 23:20:31,787 [WARN] ModelIntegratedComponent:64 - No mode defined for component null
2022-08-23 23:20:31,787 [WARN] ModelIntegratedComponent:64 - No mode defined for component null
2022-08-23 23:20:31,787 [WARN] ModelIntegratedComponent:64 - No mode defined for component null
2022-08-23 23:20:31,787 [WARN] ModelIntegratedComponent:64 - No mode defined for component null
2022-08-23 23:20:31,787 [WARN] ModelIntegratedComponent:64 - No mode defined for component null
2022-08-23 23:20:31,787 [WARN] ModelIntegratedComponent:64 - No mode defined for component null
2022-08-23 23:20:31,787 [WARN] ModelIntegratedComponent:64 - No mode defined for component null
2022-08-23 23:20:31,787 [WARN] ModelIntegratedComponent:64 - No mode defined for component null
2022-08-23 23:20:31,787 [WARN] ModelIntegratedComponent:64 - No mode defined for component null
2022-08-23 23:20:31,787 [WARN] ModelIntegratedComponent:64 - No mode defined for component null
2022-08-23 23:20:31,787 [WARN] ModelIntegratedComponent:64 - No mode defined for component null
2022-08-23 23:20:31,788 [WARN] ModelIntegratedComponent:64 - No mode defined for component null
2022-08-23 23:20:31,788 [WARN] ModelIntegratedComponent:64 - No mode defined for component null
2022-08-23 23:20:31,788 [WARN] ModelIntegratedComponent:64 - No mode defined for component null
2022-08-23 23:20:31,788 [WARN] ModelIntegratedComponent:64 - No mode defined for component null
2022-08-23 23:20:31,788 [WARN] ModelIntegratedComponent:64 - No mode defined for component null
2022-08-23 23:20:31,788 [WARN] ModelIntegratedComponent:64 - No mode defined for component null
2022-08-23 23:20:31,792 [WARN] ApiManager:308 - Cannot register API 'Board Extension:NFC07A1' from pack STMicroelectronics.X-CUBE-NFC7.1.0.0: no header file found
2022-08-23 23:20:31,877 [WARN] ApiManager:308 - Cannot register API 'Board Extension:IKS01A3' from pack STMicroelectronics.X-CUBE-MEMS1.9.3.0: no header file found
2022-08-23 23:20:31,878 [WARN] ApiManager:308 - Cannot register API 'Board Extension:IKS01A2' from pack STMicroelectronics.X-CUBE-MEMS1.9.3.0: no header file found
2022-08-23 23:20:31,879 [WARN] ApiManager:308 - Cannot register API 'Board Extension:IKS02A1' from pack STMicroelectronics.X-CUBE-MEMS1.9.3.0: no header file found
2022-08-23 23:20:31,927 [WARN] ApiManager:308 - Cannot register API 'Board Extension:EEPRMA1' from pack STMicroelectronics.X-CUBE-EEPRMA1.3.1.1: no header file found
2022-08-23 23:20:31,927 [WARN] ApiManager:308 - Cannot register API 'Board Extension:EEPRMA2' from pack STMicroelectronics.X-CUBE-EEPRMA1.3.1.1: no header file found
2022-08-23 23:20:31,928 [WARN] ApiManager:308 - Cannot register API 'Board Extension:S2868A1' from pack STMicroelectronics.X-CUBE-SFXS2LP1.4.0.0: no header file found
2022-08-23 23:20:31,928 [WARN] ApiManager:308 - Cannot register API 'Board Extension:S2868A2' from pack STMicroelectronics.X-CUBE-SFXS2LP1.4.0.0: no header file found
2022-08-23 23:20:31,929 [WARN] ApiManager:308 - Cannot register API 'Board Extension:S2915A1' from pack STMicroelectronics.X-CUBE-SFXS2LP1.4.0.0: no header file found
2022-08-23 23:20:31,930 [WARN] ApiManager:308 - Cannot register API 'Wireless:BlueNRG-2' from pack STMicroelectronics.X-CUBE-BLE2.3.3.0: no header file found
2022-08-23 23:20:31,943 [INFO] ThirdPartyModel:289 - Start build external matchings
2022-08-23 23:20:32,153 [INFO] ThirdPartyModel:302 - End build external matchings
2022-08-23 23:20:32,424 [INFO] ImportTextPane:193 - (OptionalMessage_ERROR) IP (DMA) : Parameter (Instance) has Id (ADC) currently not set
2022-08-23 23:20:32,430 [INFO] ImportTextPane:193 - (OptionalMessage_ERROR) IP (DMA) : Parameter (Request) has Id (ADC) currently not set
2022-08-23 23:20:32,430 [INFO] ImportTextPane:193 - (OptionalMessage_ERROR) IP (DMA) : Parameter (Direction) has Id (ADC) currently not set
2022-08-23 23:20:32,432 [INFO] ImportTextPane:193 - (OptionalMessage_ERROR) IP (DMA) : Parameter (PeriphInc) has Id (ADC) currently not set
2022-08-23 23:20:32,432 [INFO] ImportTextPane:193 - (OptionalMessage_ERROR) IP (DMA) : Parameter (MemInc) has Id (ADC) currently not set
2022-08-23 23:20:32,433 [INFO] ImportTextPane:193 - (OptionalMessage_ERROR) IP (DMA) : Parameter (PeriphDataAlignment) has Id (ADC) currently not set
2022-08-23 23:20:32,433 [INFO] ImportTextPane:193 - (OptionalMessage_ERROR) IP (DMA) : Parameter (MemDataAlignment) has Id (ADC) currently not set
2022-08-23 23:20:32,433 [INFO] ImportTextPane:193 - (OptionalMessage_ERROR) IP (DMA) : Parameter (Mode) has Id (ADC) currently not set
2022-08-23 23:20:32,433 [INFO] ImportTextPane:193 - (OptionalMessage_ERROR) IP (DMA) : Parameter (Priority) has Id (ADC) currently not set
2022-08-23 23:20:32,673 [INFO] UtilMem:74 - End LoadConfig() Used Memory: 373999952 Bytes (457179136)
2022-08-23 23:20:32,723 [WARN] ThirdParty:789 - waiting for thirdparty lock release [change project]
2022-08-23 23:20:32,723 [INFO] ThirdParty:791 - entering critical section [change project]
2022-08-23 23:20:32,723 [INFO] ThirdParty:981 - CMSIS Pack Vendor :RoweBots I-CUBE-UNISONRTOS 5.5.0-4
2022-08-23 23:20:32,723 [INFO] ThirdParty:981 - CMSIS Pack Vendor :STMicroelectronics X-CUBE-GNSS1 6.0.0
2022-08-23 23:20:32,724 [INFO] ThirdParty:981 - CMSIS Pack Vendor :STMicroelectronics X-CUBE-AZRTOS-H7 2.1.0
2022-08-23 23:20:32,724 [INFO] ThirdParty:981 - CMSIS Pack Vendor :STMicroelectronics USB_HOST 2.0.0
2022-08-23 23:20:32,724 [INFO] ThirdParty:981 - CMSIS Pack Vendor :STMicroelectronics X-CUBE-AZRTOS-F4 1.1.0
2022-08-23 23:20:32,724 [INFO] ThirdParty:981 - CMSIS Pack Vendor :STMicroelectronics LIBJPEG 8.0.0
2022-08-23 23:20:32,725 [INFO] ThirdParty:981 - CMSIS Pack Vendor :wolfSSL I-CUBE-wolfSSL 5.4.0
2022-08-23 23:20:32,725 [INFO] ThirdParty:981 - CMSIS Pack Vendor :STMicroelectronics USB_DEVICE 3.0.0
2022-08-23 23:20:32,725 [INFO] ThirdParty:981 - CMSIS Pack Vendor :STMicroelectronics X-CUBE-BLEMGR 1.0.0
2022-08-23 23:20:32,725 [INFO] ThirdParty:981 - CMSIS Pack Vendor :STMicroelectronics X-CUBE-AZRTOS-F7 1.1.0
2022-08-23 23:20:32,725 [INFO] ThirdParty:981 - CMSIS Pack Vendor :STMicroelectronics USB_DEVICE 2.0.0
2022-08-23 23:20:32,725 [INFO] ThirdParty:981 - CMSIS Pack Vendor :STMicroelectronics X-CUBE-BLE1 6.2.3
2022-08-23 23:20:32,725 [INFO] ThirdParty:981 - CMSIS Pack Vendor :STMicroelectronics X-CUBE-ALGOBUILD 1.3.0
2022-08-23 23:20:32,725 [INFO] ThirdParty:981 - CMSIS Pack Vendor :STMicroelectronics FreeRTOS 0.0.1
2022-08-23 23:20:32,725 [INFO] ThirdParty:981 - CMSIS Pack Vendor :STMicroelectronics X-CUBE-AZRTOS-G0 1.1.0
2022-08-23 23:20:32,726 [INFO] ThirdParty:981 - CMSIS Pack Vendor :STMicroelectronics X-CUBE-SUBG2 5.0.0
2022-08-23 23:20:32,726 [INFO] ThirdParty:981 - CMSIS Pack Vendor :SEGGER I-CUBE-embOS 1.2.0
2022-08-23 23:20:32,726 [INFO] ThirdParty:981 - CMSIS Pack Vendor :STMicroelectronics STM32_WPAN 1.0.0
2022-08-23 23:20:32,726 [INFO] ThirdParty:981 - CMSIS Pack Vendor :STMicroelectronics lwIP 2.0.3
2022-08-23 23:20:32,726 [INFO] ThirdParty:981 - CMSIS Pack Vendor :STMicroelectronics X-CUBE-NFC4 2.0.4
2022-08-23 23:20:32,726 [INFO] ThirdParty:981 - CMSIS Pack Vendor :STMicroelectronics USB_HOST 1.0.0
2022-08-23 23:20:32,726 [INFO] ThirdParty:981 - CMSIS Pack Vendor :STMicroelectronics PDM2PCM 3.1.0
2022-08-23 23:20:32,727 [INFO] ThirdParty:981 - CMSIS Pack Vendor :STMicroelectronics PDM2PCM 3.3.0
2022-08-23 23:20:32,727 [INFO] ThirdParty:981 - CMSIS Pack Vendor :STMicroelectronics X-CUBE-TOF1 3.1.0
2022-08-23 23:20:32,727 [INFO] ThirdParty:981 - CMSIS Pack Vendor :STMicroelectronics FP-ATR-ASTRA1 1.1.0
2022-08-23 23:20:32,727 [INFO] ThirdParty:981 - CMSIS Pack Vendor :STMicroelectronics X-CUBE-AZRTOS-G4 1.0.0
2022-08-23 23:20:32,727 [INFO] ThirdParty:981 - CMSIS Pack Vendor :STMicroelectronics X-CUBE-AZRTOS-L4 1.0.0
2022-08-23 23:20:32,727 [INFO] ThirdParty:981 - CMSIS Pack Vendor :STMicroelectronics HAL Drivers 0.0.0
2022-08-23 23:20:32,727 [INFO] ThirdParty:981 - CMSIS Pack Vendor :STMicroelectronics MBEDTLS 2.16.2
2022-08-23 23:20:32,727 [INFO] ThirdParty:981 - CMSIS Pack Vendor :emotas I-CUBE-CANOPEN 1.1.2
2022-08-23 23:20:32,727 [INFO] ThirdParty:981 - CMSIS Pack Vendor :STMicroelectronics X-CUBE-TOUCHGFX 4.20.0
2022-08-23 23:20:32,728 [INFO] ThirdParty:981 - CMSIS Pack Vendor :STMicroelectronics MBEDTLS 2.14.1
2022-08-23 23:20:32,728 [INFO] ThirdParty:981 - CMSIS Pack Vendor :STMicroelectronics X-CUBE-NFC7 1.0.0
2022-08-23 23:20:32,728 [INFO] ThirdParty:981 - CMSIS Pack Vendor :STMicroelectronics X-CUBE-AZRTOS-WL 1.0.0
2022-08-23 23:20:32,728 [INFO] ThirdParty:981 - CMSIS Pack Vendor :STMicroelectronics X-CUBE-MEMS1 9.3.0
2022-08-23 23:20:32,728 [INFO] ThirdParty:981 - CMSIS Pack Vendor :portGmbH I-Cube-SoM-uGOAL 1.1.0
2022-08-23 23:20:32,728 [INFO] ThirdParty:981 - CMSIS Pack Vendor :STMicroelectronics X-CUBE-ALS 1.0.1
2022-08-23 23:20:32,728 [INFO] ThirdParty:981 - CMSIS Pack Vendor :STMicroelectronics X-CUBE-AI 7.2.0
2022-08-23 23:20:32,728 [INFO] ThirdParty:981 - CMSIS Pack Vendor :STMicroelectronics ThreadX 1.0.0
2022-08-23 23:20:32,728 [INFO] ThirdParty:981 - CMSIS Pack Vendor :STMicroelectronics X-CUBE-AZRTOS-L5 1.0.0
2022-08-23 23:20:32,728 [INFO] ThirdParty:981 - CMSIS Pack Vendor :STMicroelectronics USB_DEVICE 1.0.0
2022-08-23 23:20:32,728 [INFO] ThirdParty:981 - CMSIS Pack Vendor :STMicroelectronics X-CUBE-EEPRMA1 3.1.1
2022-08-23 23:20:32,728 [INFO] ThirdParty:981 - CMSIS Pack Vendor :STMicroelectronics ThreadX 0.0.2
2022-08-23 23:20:32,728 [INFO] ThirdParty:981 - CMSIS Pack Vendor :STMicroelectronics lwIP 2.1.2
2022-08-23 23:20:32,728 [INFO] ThirdParty:981 - CMSIS Pack Vendor :STMicroelectronics X-CUBE-SFXS2LP1 4.0.0
2022-08-23 23:20:32,728 [INFO] ThirdParty:981 - CMSIS Pack Vendor :STMicroelectronics X-CUBE-BLE2 3.3.0
2022-08-23 23:20:32,728 [INFO] ThirdParty:981 - CMSIS Pack Vendor :STMicroelectronics X-CUBE-DISPLAY 2.2.0
2022-08-23 23:20:32,728 [INFO] ThirdParty:981 - CMSIS Pack Vendor :STMicroelectronics PDM2PCM 3.2.0
2022-08-23 23:20:32,728 [INFO] ThirdParty:981 - CMSIS Pack Vendor :STMicroelectronics X-CUBE-ISPU 1.0.0
2022-08-23 23:20:32,729 [INFO] ThirdParty:797 - exiting critical section [change project]
2022-08-23 23:20:33,878 [INFO] PinOutPanel:1468 - setPackage(No Configuration,No Configuration)
2022-08-23 23:20:33,886 [INFO] PinOutPanel:1468 - setPackage(STM32L031K6Tx,LQFP32)
2022-08-23 23:20:35,541 [INFO] UtilMem:74 - Before build in PCC Used Memory: 407535104 Bytes (457179136)
2022-08-23 23:20:40,066 [INFO] UtilMem:74 - After build in PCC Used Memory: 416713720 Bytes (457179136)
2022-08-23 23:20:40,312 [INFO] IPUIPlugin:79 - create IPUIPlugin
2022-08-23 23:20:40,316 [INFO] IPUIPlugin:79 - create IPUIPlugin
2022-08-23 23:20:40,317 [INFO] IPUIPlugin:79 - create IPUIPlugin
2022-08-23 23:20:40,319 [INFO] IPUIPlugin:79 - create IPUIPlugin
2022-08-23 23:20:40,320 [INFO] IPUIPlugin:79 - create IPUIPlugin
2022-08-23 23:20:40,321 [INFO] IPUIPlugin:79 - create IPUIPlugin
2022-08-23 23:20:40,321 [INFO] IPUIPlugin:79 - create IPUIPlugin
2022-08-23 23:20:40,321 [INFO] IPUIPlugin:79 - create IPUIPlugin
2022-08-23 23:20:40,323 [INFO] IPUIPlugin:79 - create IPUIPlugin
2022-08-23 23:20:40,324 [INFO] IPUIPlugin:79 - create IPUIPlugin
2022-08-23 23:20:40,329 [INFO] IPUIPlugin:79 - create IPUIPlugin
2022-08-23 23:20:40,332 [INFO] IPUIPlugin:79 - create IPUIPlugin
2022-08-23 23:20:40,333 [INFO] IPUIPlugin:79 - create IPUIPlugin
2022-08-23 23:20:40,334 [INFO] IPUIPlugin:79 - create IPUIPlugin
2022-08-23 23:20:40,334 [INFO] IPUIPlugin:79 - create IPUIPlugin
2022-08-23 23:20:40,335 [INFO] IPUIPlugin:79 - create IPUIPlugin
2022-08-23 23:20:40,335 [INFO] IPUIPlugin:79 - create IPUIPlugin
2022-08-23 23:20:40,346 [INFO] IPUIPlugin:79 - create IPUIPlugin
2022-08-23 23:20:40,347 [INFO] IPUIPlugin:79 - create IPUIPlugin
2022-08-23 23:20:40,349 [INFO] IPUIPlugin:79 - create IPUIPlugin
2022-08-23 23:20:40,350 [INFO] IPUIPlugin:79 - create IPUIPlugin
2022-08-23 23:20:40,350 [INFO] IPUIPlugin:79 - create IPUIPlugin
2022-08-23 23:20:41,409 [INFO] OpenFileManager:327 - Restore cursor
2022-08-23 23:20:43,105 [INFO] UtilMem:74 - End SaveConfig() Used Memory: 444099008 Bytes (490733568)
2022-08-23 23:20:43,190 [INFO] UtilMem:74 - End SaveConfig() Used Memory: 448971568 Bytes (490733568)
2022-08-23 23:20:43,902 [INFO] BlockDiagram:2753 - set Specific Code input for plugin: ADC
2022-08-23 23:20:43,905 [INFO] BlockDiagram:2753 - set Specific Code input for plugin: NVIC
2022-08-23 23:20:43,905 [INFO] BlockDiagram:2753 - set Specific Code input for plugin: SYS
2022-08-23 23:20:43,906 [INFO] BlockDiagram:2753 - set Specific Code input for plugin: GPIO
2022-08-23 23:20:43,906 [INFO] BlockDiagram:2753 - set Specific Code input for plugin: RCC
2022-08-23 23:20:43,906 [INFO] BlockDiagram:2753 - set Specific Code input for plugin: I2C
2022-08-23 23:20:43,906 [INFO] BlockDiagram:2753 - set Specific Code input for plugin: DMA
2022-08-23 23:20:43,906 [INFO] BlockDiagram:2753 - set Specific Code input for plugin: TIM1_8L0
2022-08-23 23:20:43,907 [INFO] CodeGenerator:690 - code generatio: config db path: /Applications/STM32CubeIDE.app/Contents/Eclipse/plugins/com.st.stm32cube.common.mx_6.6.1.202207061420//db/
2022-08-23 23:20:44,282 [INFO] CodeEngine:245 - oldGeneratedFile, /Users/anemiq/Projects/stm32watch/STM32Watch/MXTmpFiles/license.tmp_save
2022-08-23 23:20:44,889 [INFO] CodeEngine:269 - Generated code: /Users/anemiq/Projects/stm32watch/STM32Watch/MXTmpFiles/license.tmp
2022-08-23 23:20:45,257 [INFO] CodeEngine:245 - oldGeneratedFile, /Users/anemiq/Projects/stm32watch/STM32Watch/MXTmpFiles/gpio.tmp_save
2022-08-23 23:20:45,508 [INFO] CodeEngine:269 - Generated code: /Users/anemiq/Projects/stm32watch/STM32Watch/MXTmpFiles/gpio.tmp
2022-08-23 23:20:46,465 [INFO] CodeEngine:245 - oldGeneratedFile, /Users/anemiq/Projects/stm32watch/STM32Watch/MXTmpFiles/dma.tmp_save
2022-08-23 23:20:46,620 [INFO] CodeEngine:269 - Generated code: /Users/anemiq/Projects/stm32watch/STM32Watch/MXTmpFiles/dma.tmp
2022-08-23 23:20:46,622 [INFO] CodeEngine:245 - oldGeneratedFile, /Users/anemiq/Projects/stm32watch/STM32Watch/MXTmpFiles/dma_GV.tmp_save
2022-08-23 23:20:46,933 [INFO] CodeEngine:269 - Generated code: /Users/anemiq/Projects/stm32watch/STM32Watch/MXTmpFiles/dma_GV.tmp
2022-08-23 23:20:46,966 [INFO] CodeEngine:245 - oldGeneratedFile, /Users/anemiq/Projects/stm32watch/STM32Watch/Core/Src/stm32l0xx_it.c_save
2022-08-23 23:20:47,147 [INFO] CodeEngine:269 - Generated code: /Users/anemiq/Projects/stm32watch/STM32Watch/Core/Src/stm32l0xx_it.c
2022-08-23 23:20:47,149 [INFO] CodeEngine:245 - oldGeneratedFile, /Users/anemiq/Projects/stm32watch/STM32Watch/Core/Inc/stm32l0xx_it.h_save
2022-08-23 23:20:47,281 [INFO] CodeEngine:269 - Generated code: /Users/anemiq/Projects/stm32watch/STM32Watch/Core/Inc/stm32l0xx_it.h
2022-08-23 23:20:47,289 [INFO] CodeEngine:245 - oldGeneratedFile, /Users/anemiq/Projects/stm32watch/STM32Watch/Core/Src/stm32l0xx_hal_msp.c_save
2022-08-23 23:20:47,463 [INFO] CodeEngine:269 - Generated code: /Users/anemiq/Projects/stm32watch/STM32Watch/Core/Src/stm32l0xx_hal_msp.c
2022-08-23 23:20:47,465 [INFO] CodeEngine:245 - oldGeneratedFile, /Users/anemiq/Projects/stm32watch/STM32Watch/MXTmpFiles/system.tmp_save
2022-08-23 23:20:47,552 [INFO] CodeEngine:269 - Generated code: /Users/anemiq/Projects/stm32watch/STM32Watch/MXTmpFiles/system.tmp
2022-08-23 23:20:47,557 [INFO] CodeEngine:245 - oldGeneratedFile, /Users/anemiq/Projects/stm32watch/STM32Watch/Core/Inc/stm32l0xx_hal_conf.h_save
2022-08-23 23:20:47,637 [INFO] CodeEngine:269 - Generated code: /Users/anemiq/Projects/stm32watch/STM32Watch/Core/Inc/stm32l0xx_hal_conf.h
2022-08-23 23:20:47,894 [WARN] IPConfigManager:3348 - IP not found : TIM
2022-08-23 23:20:47,902 [WARN] CodeGenerator:3567 - IP not found : null
2022-08-23 23:20:47,910 [INFO] CodeEngine:245 - oldGeneratedFile, /Users/anemiq/Projects/stm32watch/STM32Watch/Core/Inc/main.h_save
2022-08-23 23:20:48,049 [INFO] CodeEngine:269 - Generated code: /Users/anemiq/Projects/stm32watch/STM32Watch/Core/Inc/main.h
2022-08-23 23:20:48,051 [INFO] CodeEngine:245 - oldGeneratedFile, /Users/anemiq/Projects/stm32watch/STM32Watch/Core/Src/main.c_save
2022-08-23 23:20:48,333 [INFO] CodeEngine:269 - Generated code: /Users/anemiq/Projects/stm32watch/STM32Watch/Core/Src/main.c
2022-08-23 23:20:49,189 [INFO] ProjectBuilder:2919 - Time for Copy HAL[1] : 61mS.
2022-08-23 23:20:49,228 [INFO] ProjectBuilder:4117 - Project Generator version: 3.17.1
2022-08-23 23:20:49,804 [INFO] ConfigFileManager:1394 - The Die is : DIE425
2022-08-23 23:20:49,826 [INFO] ApiDbMcu:505 - Load IP Config File for FATFS
2022-08-23 23:20:49,836 [INFO] ApiDbMcu:505 - Load IP Config File for FREERTOS
2022-08-23 23:20:52,388 [INFO] ProjectBuilder:4285 - Time for Generating toolchain IDE Files: 3154mS.
2022-08-23 23:20:52,397 [INFO] ProjectBuilder:2790 - Time for Copy CMSIS : 2mS.
2022-08-23 23:20:52,399 [INFO] ProjectBuilder:2790 - Time for Copy CMSIS : 0mS.
2022-08-23 23:20:53,148 [INFO] McuFinderGlobals:57 - Set McuFinderConnectedMode to true
2022-08-23 23:20:53,169 [INFO] ApiDb:443 - Save user favorites file /Users/anemiq/.stm32cubeide/favorites.mcus.txt: 0 item(s)
2022-08-23 23:20:53,172 [INFO] ApiDb:447 - User favorites MCUs=[]
